{"D:\\000-react\\react-task-1\\src\\App.tsx": {"path":"D:\\000-react\\react-task-1\\src\\App.tsx","all":false,"statementMap":{"0":{"start":{"line":1,"column":0},"end":{"line":1,"column":44}},"1":{"start":{"line":2,"column":0},"end":{"line":2,"column":23}},"2":{"start":{"line":3,"column":0},"end":{"line":3,"column":52}},"3":{"start":{"line":4,"column":0},"end":{"line":4,"column":55}},"4":{"start":{"line":5,"column":0},"end":{"line":5,"column":44}},"5":{"start":{"line":6,"column":0},"end":{"line":6,"column":48}},"6":{"start":{"line":7,"column":0},"end":{"line":7,"column":61}},"7":{"start":{"line":8,"column":0},"end":{"line":8,"column":42}},"9":{"start":{"line":10,"column":0},"end":{"line":10,"column":19}},"10":{"start":{"line":11,"column":0},"end":{"line":11,"column":9}},"11":{"start":{"line":12,"column":0},"end":{"line":12,"column":34}},"12":{"start":{"line":13,"column":0},"end":{"line":13,"column":20}},"13":{"start":{"line":14,"column":0},"end":{"line":14,"column":9}},"14":{"start":{"line":15,"column":0},"end":{"line":15,"column":24}},"15":{"start":{"line":16,"column":0},"end":{"line":16,"column":73}},"16":{"start":{"line":17,"column":0},"end":{"line":17,"column":33}},"17":{"start":{"line":18,"column":0},"end":{"line":18,"column":46}},"18":{"start":{"line":19,"column":0},"end":{"line":19,"column":56}},"20":{"start":{"line":21,"column":0},"end":{"line":21,"column":19}},"21":{"start":{"line":22,"column":0},"end":{"line":22,"column":27}},"22":{"start":{"line":23,"column":0},"end":{"line":23,"column":15}},"23":{"start":{"line":24,"column":0},"end":{"line":24,"column":82}},"24":{"start":{"line":25,"column":0},"end":{"line":25,"column":8}},"25":{"start":{"line":26,"column":0},"end":{"line":26,"column":5}},"26":{"start":{"line":27,"column":0},"end":{"line":27,"column":46}},"28":{"start":{"line":29,"column":0},"end":{"line":29,"column":48}},"29":{"start":{"line":30,"column":0},"end":{"line":30,"column":26}},"30":{"start":{"line":31,"column":0},"end":{"line":31,"column":4}},"32":{"start":{"line":33,"column":0},"end":{"line":33,"column":35}},"33":{"start":{"line":34,"column":0},"end":{"line":34,"column":62}},"34":{"start":{"line":35,"column":0},"end":{"line":35,"column":59}},"35":{"start":{"line":36,"column":0},"end":{"line":36,"column":25}},"36":{"start":{"line":37,"column":0},"end":{"line":37,"column":13}},"37":{"start":{"line":38,"column":0},"end":{"line":38,"column":75}},"38":{"start":{"line":39,"column":0},"end":{"line":39,"column":6}},"39":{"start":{"line":40,"column":0},"end":{"line":40,"column":4}},"41":{"start":{"line":42,"column":0},"end":{"line":42,"column":10}},"42":{"start":{"line":43,"column":0},"end":{"line":43,"column":19}},"43":{"start":{"line":44,"column":0},"end":{"line":44,"column":55}},"44":{"start":{"line":45,"column":0},"end":{"line":45,"column":42}},"45":{"start":{"line":46,"column":0},"end":{"line":46,"column":21}},"46":{"start":{"line":47,"column":0},"end":{"line":47,"column":45}},"47":{"start":{"line":48,"column":0},"end":{"line":48,"column":39}},"48":{"start":{"line":49,"column":0},"end":{"line":49,"column":37}},"49":{"start":{"line":50,"column":0},"end":{"line":50,"column":12}},"50":{"start":{"line":51,"column":0},"end":{"line":51,"column":59}},"51":{"start":{"line":52,"column":0},"end":{"line":52,"column":30}},"53":{"start":{"line":54,"column":0},"end":{"line":54,"column":22}},"55":{"start":{"line":56,"column":0},"end":{"line":56,"column":14}},"56":{"start":{"line":57,"column":0},"end":{"line":57,"column":30}},"57":{"start":{"line":58,"column":0},"end":{"line":58,"column":20}},"59":{"start":{"line":60,"column":0},"end":{"line":60,"column":2}},"61":{"start":{"line":62,"column":0},"end":{"line":62,"column":19}}},"s":{"0":1,"1":1,"2":1,"3":1,"4":1,"5":1,"6":1,"7":1,"9":1,"10":9,"11":9,"12":9,"13":9,"14":9,"15":9,"16":9,"17":9,"18":9,"20":9,"21":0,"22":0,"23":0,"24":0,"25":0,"26":9,"28":9,"29":0,"30":0,"32":9,"33":0,"34":0,"35":0,"36":0,"37":0,"38":0,"39":0,"41":9,"42":9,"43":9,"44":9,"45":9,"46":9,"47":9,"48":9,"49":9,"50":9,"51":0,"53":0,"55":9,"56":9,"57":9,"59":9,"61":1},"branchMap":{"0":{"type":"branch","line":10,"loc":{"start":{"line":10,"column":12},"end":{"line":60,"column":2}},"locations":[{"start":{"line":10,"column":12},"end":{"line":60,"column":2}}]},"1":{"type":"branch","line":51,"loc":{"start":{"line":51,"column":13},"end":{"line":51,"column":43}},"locations":[{"start":{"line":51,"column":13},"end":{"line":51,"column":43}}]},"2":{"type":"branch","line":51,"loc":{"start":{"line":51,"column":37},"end":{"line":51,"column":59}},"locations":[{"start":{"line":51,"column":37},"end":{"line":51,"column":59}}]},"3":{"type":"branch","line":51,"loc":{"start":{"line":51,"column":44},"end":{"line":52,"column":30}},"locations":[{"start":{"line":51,"column":44},"end":{"line":52,"column":30}}]},"4":{"type":"branch","line":52,"loc":{"start":{"line":52,"column":28},"end":{"line":54,"column":22}},"locations":[{"start":{"line":52,"column":28},"end":{"line":54,"column":22}}]}},"b":{"0":[9],"1":[0],"2":[0],"3":[0],"4":[0]},"fnMap":{"0":{"name":"App","decl":{"start":{"line":10,"column":12},"end":{"line":60,"column":2}},"loc":{"start":{"line":10,"column":12},"end":{"line":60,"column":2}},"line":10},"1":{"name":"handleInputChange","decl":{"start":{"line":29,"column":28},"end":{"line":31,"column":4}},"loc":{"start":{"line":29,"column":28},"end":{"line":31,"column":4}},"line":29},"2":{"name":"handleButtonClick","decl":{"start":{"line":33,"column":28},"end":{"line":40,"column":4}},"loc":{"start":{"line":33,"column":28},"end":{"line":40,"column":4}},"line":33}},"f":{"0":9,"1":0,"2":0}}
,"D:\\000-react\\react-task-1\\src\\ErrorBoundary.tsx": {"path":"D:\\000-react\\react-task-1\\src\\ErrorBoundary.tsx","all":false,"statementMap":{"0":{"start":{"line":1,"column":0},"end":{"line":1,"column":56}},"10":{"start":{"line":11,"column":0},"end":{"line":11,"column":79}},"11":{"start":{"line":12,"column":0},"end":{"line":12,"column":42}},"12":{"start":{"line":13,"column":0},"end":{"line":13,"column":17}},"13":{"start":{"line":14,"column":0},"end":{"line":14,"column":37}},"14":{"start":{"line":15,"column":0},"end":{"line":15,"column":3}},"16":{"start":{"line":17,"column":0},"end":{"line":17,"column":49}},"17":{"start":{"line":18,"column":0},"end":{"line":18,"column":43}},"18":{"start":{"line":19,"column":0},"end":{"line":19,"column":30}},"19":{"start":{"line":20,"column":0},"end":{"line":20,"column":3}},"21":{"start":{"line":22,"column":0},"end":{"line":22,"column":57}},"22":{"start":{"line":23,"column":0},"end":{"line":23,"column":41}},"23":{"start":{"line":24,"column":0},"end":{"line":24,"column":64}},"24":{"start":{"line":25,"column":0},"end":{"line":25,"column":3}},"26":{"start":{"line":27,"column":0},"end":{"line":27,"column":12}},"27":{"start":{"line":28,"column":0},"end":{"line":28,"column":30}},"28":{"start":{"line":29,"column":0},"end":{"line":29,"column":43}},"29":{"start":{"line":30,"column":0},"end":{"line":30,"column":5}},"30":{"start":{"line":31,"column":0},"end":{"line":31,"column":31}},"31":{"start":{"line":32,"column":0},"end":{"line":32,"column":3}},"32":{"start":{"line":33,"column":0},"end":{"line":33,"column":1}},"34":{"start":{"line":35,"column":0},"end":{"line":35,"column":29}}},"s":{"0":1,"10":1,"11":1,"12":3,"13":3,"14":3,"16":1,"17":2,"18":2,"19":2,"21":1,"22":1,"23":1,"24":1,"26":1,"27":4,"28":2,"29":2,"30":2,"31":4,"32":1,"34":1},"branchMap":{"0":{"type":"branch","line":12,"loc":{"start":{"line":12,"column":2},"end":{"line":15,"column":3}},"locations":[{"start":{"line":12,"column":2},"end":{"line":15,"column":3}}]},"1":{"type":"branch","line":17,"loc":{"start":{"line":17,"column":9},"end":{"line":20,"column":3}},"locations":[{"start":{"line":17,"column":9},"end":{"line":20,"column":3}}]},"2":{"type":"branch","line":22,"loc":{"start":{"line":22,"column":2},"end":{"line":25,"column":3}},"locations":[{"start":{"line":22,"column":2},"end":{"line":25,"column":3}}]},"3":{"type":"branch","line":27,"loc":{"start":{"line":27,"column":2},"end":{"line":32,"column":3}},"locations":[{"start":{"line":27,"column":2},"end":{"line":32,"column":3}}]},"4":{"type":"branch","line":28,"loc":{"start":{"line":28,"column":29},"end":{"line":31,"column":31}},"locations":[{"start":{"line":28,"column":29},"end":{"line":31,"column":31}}]}},"b":{"0":[3],"1":[2],"2":[1],"3":[4],"4":[2]},"fnMap":{"0":{"name":"ErrorBoundary","decl":{"start":{"line":12,"column":2},"end":{"line":15,"column":3}},"loc":{"start":{"line":12,"column":2},"end":{"line":15,"column":3}},"line":12},"1":{"name":"getDerivedStateFromError","decl":{"start":{"line":17,"column":9},"end":{"line":20,"column":3}},"loc":{"start":{"line":17,"column":9},"end":{"line":20,"column":3}},"line":17},"2":{"name":"componentDidCatch","decl":{"start":{"line":22,"column":2},"end":{"line":25,"column":3}},"loc":{"start":{"line":22,"column":2},"end":{"line":25,"column":3}},"line":22},"3":{"name":"render","decl":{"start":{"line":27,"column":2},"end":{"line":32,"column":3}},"loc":{"start":{"line":27,"column":2},"end":{"line":32,"column":3}},"line":27}},"f":{"0":3,"1":2,"2":1,"3":4}}
,"D:\\000-react\\react-task-1\\src\\ErrorPage.tsx": {"path":"D:\\000-react\\react-task-1\\src\\ErrorPage.tsx","all":false,"statementMap":{"0":{"start":{"line":1,"column":0},"end":{"line":1,"column":49}},"2":{"start":{"line":3,"column":0},"end":{"line":3,"column":25}},"3":{"start":{"line":4,"column":0},"end":{"line":4,"column":32}},"5":{"start":{"line":6,"column":0},"end":{"line":6,"column":31}},"6":{"start":{"line":7,"column":0},"end":{"line":7,"column":12}},"7":{"start":{"line":8,"column":0},"end":{"line":8,"column":27}},"8":{"start":{"line":9,"column":0},"end":{"line":9,"column":22}},"9":{"start":{"line":10,"column":0},"end":{"line":10,"column":55}},"10":{"start":{"line":11,"column":0},"end":{"line":11,"column":30}},"11":{"start":{"line":12,"column":0},"end":{"line":12,"column":12}},"13":{"start":{"line":14,"column":0},"end":{"line":14,"column":3}},"15":{"start":{"line":16,"column":0},"end":{"line":16,"column":10}},"16":{"start":{"line":17,"column":0},"end":{"line":17,"column":25}},"17":{"start":{"line":18,"column":0},"end":{"line":18,"column":20}},"18":{"start":{"line":19,"column":0},"end":{"line":19,"column":41}},"19":{"start":{"line":20,"column":0},"end":{"line":20,"column":10}},"21":{"start":{"line":22,"column":0},"end":{"line":22,"column":2}},"23":{"start":{"line":24,"column":0},"end":{"line":24,"column":25}}},"s":{"0":1,"2":1,"3":6,"5":6,"6":1,"7":1,"8":1,"9":1,"10":1,"11":1,"13":1,"15":5,"16":5,"17":5,"18":5,"19":5,"21":5,"23":1},"branchMap":{"0":{"type":"branch","line":3,"loc":{"start":{"line":3,"column":18},"end":{"line":22,"column":2}},"locations":[{"start":{"line":3,"column":18},"end":{"line":22,"column":2}}]},"1":{"type":"branch","line":6,"loc":{"start":{"line":6,"column":30},"end":{"line":14,"column":3}},"locations":[{"start":{"line":6,"column":30},"end":{"line":14,"column":3}}]},"2":{"type":"branch","line":14,"loc":{"start":{"line":14,"column":2},"end":{"line":22,"column":2}},"locations":[{"start":{"line":14,"column":2},"end":{"line":22,"column":2}}]}},"b":{"0":[6],"1":[1],"2":[5]},"fnMap":{"0":{"name":"ErrorPage","decl":{"start":{"line":3,"column":18},"end":{"line":22,"column":2}},"loc":{"start":{"line":3,"column":18},"end":{"line":22,"column":2}},"line":3}},"f":{"0":6}}
,"D:\\000-react\\react-task-1\\src\\RoutesComponent.tsx": {"path":"D:\\000-react\\react-task-1\\src\\RoutesComponent.tsx","all":false,"statementMap":{"0":{"start":{"line":1,"column":0},"end":{"line":1,"column":71}},"1":{"start":{"line":2,"column":0},"end":{"line":2,"column":24}},"2":{"start":{"line":3,"column":0},"end":{"line":3,"column":36}},"3":{"start":{"line":4,"column":0},"end":{"line":4,"column":48}},"5":{"start":{"line":6,"column":0},"end":{"line":6,"column":38}},"6":{"start":{"line":7,"column":0},"end":{"line":7,"column":10}},"7":{"start":{"line":8,"column":0},"end":{"line":8,"column":39}},"8":{"start":{"line":9,"column":0},"end":{"line":9,"column":55}},"9":{"start":{"line":10,"column":0},"end":{"line":10,"column":10}},"11":{"start":{"line":12,"column":0},"end":{"line":12,"column":2}},"13":{"start":{"line":14,"column":0},"end":{"line":14,"column":37}},"14":{"start":{"line":15,"column":0},"end":{"line":15,"column":10}},"15":{"start":{"line":16,"column":0},"end":{"line":16,"column":27}},"16":{"start":{"line":17,"column":0},"end":{"line":17,"column":20}},"17":{"start":{"line":18,"column":0},"end":{"line":18,"column":31}},"18":{"start":{"line":19,"column":0},"end":{"line":19,"column":25}},"19":{"start":{"line":20,"column":0},"end":{"line":20,"column":10}},"21":{"start":{"line":22,"column":0},"end":{"line":22,"column":2}},"23":{"start":{"line":24,"column":0},"end":{"line":24,"column":36}},"24":{"start":{"line":25,"column":0},"end":{"line":25,"column":3}},"25":{"start":{"line":26,"column":0},"end":{"line":26,"column":14}},"26":{"start":{"line":27,"column":0},"end":{"line":27,"column":21}},"27":{"start":{"line":28,"column":0},"end":{"line":28,"column":32}},"28":{"start":{"line":29,"column":0},"end":{"line":29,"column":15}},"29":{"start":{"line":30,"column":0},"end":{"line":30,"column":7}},"30":{"start":{"line":31,"column":0},"end":{"line":31,"column":24}},"31":{"start":{"line":32,"column":0},"end":{"line":32,"column":37}},"32":{"start":{"line":33,"column":0},"end":{"line":33,"column":8}},"33":{"start":{"line":34,"column":0},"end":{"line":34,"column":7}},"34":{"start":{"line":35,"column":0},"end":{"line":35,"column":24}},"35":{"start":{"line":36,"column":0},"end":{"line":36,"column":37}},"36":{"start":{"line":37,"column":0},"end":{"line":37,"column":8}},"37":{"start":{"line":38,"column":0},"end":{"line":38,"column":6}},"38":{"start":{"line":39,"column":0},"end":{"line":39,"column":4}},"39":{"start":{"line":40,"column":0},"end":{"line":40,"column":3}},"40":{"start":{"line":41,"column":0},"end":{"line":41,"column":19}},"41":{"start":{"line":42,"column":0},"end":{"line":42,"column":32}},"42":{"start":{"line":43,"column":0},"end":{"line":43,"column":4}},"43":{"start":{"line":44,"column":0},"end":{"line":44,"column":3}},"45":{"start":{"line":46,"column":0},"end":{"line":46,"column":36}},"47":{"start":{"line":48,"column":0},"end":{"line":48,"column":65}},"49":{"start":{"line":50,"column":0},"end":{"line":50,"column":31}}},"s":{"0":1,"1":1,"2":1,"3":1,"5":1,"6":0,"7":0,"8":0,"9":0,"11":0,"13":1,"14":1,"15":1,"16":1,"17":1,"18":1,"19":1,"21":1,"23":1,"24":1,"25":1,"26":1,"27":1,"28":1,"29":1,"30":1,"31":1,"32":1,"33":1,"34":1,"35":1,"36":1,"37":1,"38":1,"39":1,"40":1,"41":1,"42":1,"43":1,"45":1,"47":1,"49":1},"branchMap":{"0":{"type":"branch","line":14,"loc":{"start":{"line":14,"column":30},"end":{"line":22,"column":2}},"locations":[{"start":{"line":14,"column":30},"end":{"line":22,"column":2}}]}},"b":{"0":[1]},"fnMap":{"0":{"name":"NoDataContainer","decl":{"start":{"line":6,"column":31},"end":{"line":12,"column":2}},"loc":{"start":{"line":6,"column":31},"end":{"line":12,"column":2}},"line":6},"1":{"name":"AboutContainer","decl":{"start":{"line":14,"column":30},"end":{"line":22,"column":2}},"loc":{"start":{"line":14,"column":30},"end":{"line":22,"column":2}},"line":14},"2":{"name":"RoutesComponent","decl":{"start":{"line":48,"column":24},"end":{"line":48,"column":65}},"loc":{"start":{"line":48,"column":24},"end":{"line":48,"column":65}},"line":48}},"f":{"0":0,"1":1,"2":0}}
,"D:\\000-react\\react-task-1\\src\\SearchContainer.tsx": {"path":"D:\\000-react\\react-task-1\\src\\SearchContainer.tsx","all":false,"statementMap":{"0":{"start":{"line":1,"column":0},"end":{"line":1,"column":33}},"1":{"start":{"line":2,"column":0},"end":{"line":2,"column":51}},"2":{"start":{"line":3,"column":0},"end":{"line":3,"column":54}},"3":{"start":{"line":4,"column":0},"end":{"line":4,"column":38}},"4":{"start":{"line":5,"column":0},"end":{"line":5,"column":38}},"5":{"start":{"line":6,"column":0},"end":{"line":6,"column":60}},"6":{"start":{"line":7,"column":0},"end":{"line":7,"column":48}},"7":{"start":{"line":8,"column":0},"end":{"line":8,"column":61}},"9":{"start":{"line":10,"column":0},"end":{"line":10,"column":31}},"10":{"start":{"line":11,"column":0},"end":{"line":11,"column":43}},"11":{"start":{"line":12,"column":0},"end":{"line":12,"column":45}},"13":{"start":{"line":14,"column":0},"end":{"line":14,"column":79}},"14":{"start":{"line":15,"column":0},"end":{"line":15,"column":45}},"15":{"start":{"line":16,"column":0},"end":{"line":16,"column":75}},"17":{"start":{"line":18,"column":0},"end":{"line":18,"column":70}},"19":{"start":{"line":20,"column":0},"end":{"line":20,"column":61}},"20":{"start":{"line":21,"column":0},"end":{"line":21,"column":31}},"21":{"start":{"line":22,"column":0},"end":{"line":22,"column":27}},"22":{"start":{"line":23,"column":0},"end":{"line":23,"column":5}},"24":{"start":{"line":25,"column":0},"end":{"line":25,"column":10}},"25":{"start":{"line":26,"column":0},"end":{"line":26,"column":42}},"26":{"start":{"line":27,"column":0},"end":{"line":27,"column":19}},"27":{"start":{"line":28,"column":0},"end":{"line":28,"column":40}},"28":{"start":{"line":29,"column":0},"end":{"line":29,"column":14}},"29":{"start":{"line":30,"column":0},"end":{"line":30,"column":29}},"30":{"start":{"line":31,"column":0},"end":{"line":31,"column":43}},"31":{"start":{"line":32,"column":0},"end":{"line":32,"column":35}},"32":{"start":{"line":33,"column":0},"end":{"line":33,"column":12}},"33":{"start":{"line":34,"column":0},"end":{"line":34,"column":14}},"36":{"start":{"line":37,"column":0},"end":{"line":37,"column":57}},"38":{"start":{"line":39,"column":0},"end":{"line":39,"column":34}},"39":{"start":{"line":40,"column":0},"end":{"line":40,"column":10}},"40":{"start":{"line":41,"column":0},"end":{"line":41,"column":38}},"41":{"start":{"line":42,"column":0},"end":{"line":42,"column":14}},"42":{"start":{"line":43,"column":0},"end":{"line":43,"column":26}},"43":{"start":{"line":44,"column":0},"end":{"line":44,"column":41}},"44":{"start":{"line":45,"column":0},"end":{"line":45,"column":41}},"45":{"start":{"line":46,"column":0},"end":{"line":46,"column":65}},"46":{"start":{"line":47,"column":0},"end":{"line":47,"column":16}},"47":{"start":{"line":48,"column":0},"end":{"line":48,"column":40}},"48":{"start":{"line":49,"column":0},"end":{"line":49,"column":15}},"50":{"start":{"line":51,"column":0},"end":{"line":51,"column":30}},"52":{"start":{"line":53,"column":0},"end":{"line":53,"column":11}},"54":{"start":{"line":55,"column":0},"end":{"line":55,"column":10}},"56":{"start":{"line":57,"column":0},"end":{"line":57,"column":2}},"58":{"start":{"line":59,"column":0},"end":{"line":59,"column":31}}},"s":{"0":1,"1":1,"2":1,"3":1,"4":1,"5":1,"6":1,"7":1,"9":1,"10":1,"11":1,"13":1,"14":1,"15":1,"17":1,"19":1,"20":1,"21":1,"22":1,"24":1,"25":1,"26":1,"27":1,"28":1,"29":1,"30":1,"31":1,"32":1,"33":1,"36":1,"38":1,"39":0,"40":0,"41":0,"42":0,"43":0,"44":0,"45":0,"46":0,"47":0,"48":0,"50":0,"52":0,"54":1,"56":1,"58":1},"branchMap":{"0":{"type":"branch","line":10,"loc":{"start":{"line":10,"column":24},"end":{"line":57,"column":2}},"locations":[{"start":{"line":10,"column":24},"end":{"line":57,"column":2}}]},"1":{"type":"branch","line":16,"loc":{"start":{"line":16,"column":22},"end":{"line":16,"column":60}},"locations":[{"start":{"line":16,"column":22},"end":{"line":16,"column":60}}]},"2":{"type":"branch","line":16,"loc":{"start":{"line":16,"column":60},"end":{"line":16,"column":75}},"locations":[{"start":{"line":16,"column":60},"end":{"line":16,"column":75}}]},"3":{"type":"branch","line":37,"loc":{"start":{"line":37,"column":7},"end":{"line":37,"column":57}},"locations":[{"start":{"line":37,"column":7},"end":{"line":37,"column":57}}]},"4":{"type":"branch","line":39,"loc":{"start":{"line":39,"column":7},"end":{"line":39,"column":26}},"locations":[{"start":{"line":39,"column":7},"end":{"line":39,"column":26}}]},"5":{"type":"branch","line":39,"loc":{"start":{"line":39,"column":26},"end":{"line":53,"column":11}},"locations":[{"start":{"line":39,"column":26},"end":{"line":53,"column":11}}]}},"b":{"0":[1],"1":[0],"2":[0],"3":[0],"4":[0],"5":[0]},"fnMap":{"0":{"name":"SearchContainer","decl":{"start":{"line":10,"column":24},"end":{"line":57,"column":2}},"loc":{"start":{"line":10,"column":24},"end":{"line":57,"column":2}},"line":10},"1":{"name":"handlePageChange","decl":{"start":{"line":46,"column":34},"end":{"line":46,"column":65}},"loc":{"start":{"line":46,"column":34},"end":{"line":46,"column":65}},"line":46}},"f":{"0":1,"1":0}}
,"D:\\000-react\\react-task-1\\src\\ShowRezult.tsx": {"path":"D:\\000-react\\react-task-1\\src\\ShowRezult.tsx","all":false,"statementMap":{"0":{"start":{"line":1,"column":0},"end":{"line":1,"column":54}},"7":{"start":{"line":8,"column":0},"end":{"line":8,"column":52}},"8":{"start":{"line":9,"column":0},"end":{"line":9,"column":79}},"10":{"start":{"line":11,"column":0},"end":{"line":11,"column":68}},"11":{"start":{"line":12,"column":0},"end":{"line":12,"column":2}},"13":{"start":{"line":14,"column":0},"end":{"line":14,"column":26}}},"s":{"0":1,"7":1,"8":0,"10":0,"11":0,"13":1},"branchMap":{},"b":{},"fnMap":{"0":{"name":"ShowRezult","decl":{"start":{"line":8,"column":19},"end":{"line":12,"column":2}},"loc":{"start":{"line":8,"column":19},"end":{"line":12,"column":2}},"line":8}},"f":{"0":0}}
,"D:\\000-react\\react-task-1\\src\\ThemeContext.tsx": {"path":"D:\\000-react\\react-task-1\\src\\ThemeContext.tsx","all":false,"statementMap":{"0":{"start":{"line":1,"column":0},"end":{"line":1,"column":59}},"3":{"start":{"line":4,"column":0},"end":{"line":4,"column":35}},"5":{"start":{"line":6,"column":0},"end":{"line":6,"column":23}},"7":{"start":{"line":8,"column":0},"end":{"line":8,"column":73}},"8":{"start":{"line":9,"column":0},"end":{"line":9,"column":54}},"10":{"start":{"line":11,"column":0},"end":{"line":11,"column":10}},"11":{"start":{"line":12,"column":0},"end":{"line":12,"column":53}},"12":{"start":{"line":13,"column":0},"end":{"line":13,"column":16}},"13":{"start":{"line":14,"column":0},"end":{"line":14,"column":28}},"15":{"start":{"line":16,"column":0},"end":{"line":16,"column":2}},"17":{"start":{"line":18,"column":0},"end":{"line":18,"column":28}}},"s":{"0":1,"3":1,"5":1,"7":1,"8":0,"10":0,"11":0,"12":0,"13":0,"15":0,"17":1},"branchMap":{},"b":{},"fnMap":{"0":{"name":"ThemeProvider","decl":{"start":{"line":8,"column":29},"end":{"line":16,"column":2}},"loc":{"start":{"line":8,"column":29},"end":{"line":16,"column":2}},"line":8}},"f":{"0":0}}
,"D:\\000-react\\react-task-1\\src\\main.tsx": {"path":"D:\\000-react\\react-task-1\\src\\main.tsx","all":true,"statementMap":{"0":{"start":{"line":1,"column":0},"end":{"line":1,"column":35}},"1":{"start":{"line":2,"column":0},"end":{"line":2,"column":46}},"3":{"start":{"line":4,"column":0},"end":{"line":4,"column":48}},"4":{"start":{"line":5,"column":0},"end":{"line":5,"column":25}},"7":{"start":{"line":8,"column":0},"end":{"line":8,"column":39}},"8":{"start":{"line":9,"column":0},"end":{"line":9,"column":39}},"10":{"start":{"line":11,"column":0},"end":{"line":11,"column":52}},"11":{"start":{"line":12,"column":0},"end":{"line":12,"column":14}},"12":{"start":{"line":13,"column":0},"end":{"line":13,"column":28}},"15":{"start":{"line":16,"column":0},"end":{"line":16,"column":25}},"17":{"start":{"line":18,"column":0},"end":{"line":18,"column":15}},"18":{"start":{"line":19,"column":0},"end":{"line":19,"column":15}},"19":{"start":{"line":20,"column":0},"end":{"line":20,"column":2}}},"s":{"0":0,"1":0,"3":0,"4":0,"7":0,"8":0,"10":0,"11":0,"12":0,"15":0,"17":0,"18":0,"19":0},"branchMap":{"0":{"type":"branch","line":1,"loc":{"start":{"line":1,"column":608},"end":{"line":20,"column":-318}},"locations":[{"start":{"line":1,"column":608},"end":{"line":20,"column":-318}}]}},"b":{"0":[0]},"fnMap":{"0":{"name":"(empty-report)","decl":{"start":{"line":1,"column":608},"end":{"line":20,"column":-318}},"loc":{"start":{"line":1,"column":608},"end":{"line":20,"column":-318}},"line":1}},"f":{"0":0}}
,"D:\\000-react\\react-task-1\\src\\useLocalStorage.tsx": {"path":"D:\\000-react\\react-task-1\\src\\useLocalStorage.tsx","all":false,"statementMap":{"8":{"start":{"line":9,"column":0},"end":{"line":9,"column":48}},"9":{"start":{"line":10,"column":0},"end":{"line":10,"column":65}},"10":{"start":{"line":11,"column":0},"end":{"line":11,"column":70}},"11":{"start":{"line":12,"column":0},"end":{"line":12,"column":54}},"13":{"start":{"line":14,"column":0},"end":{"line":14,"column":19}},"14":{"start":{"line":15,"column":0},"end":{"line":15,"column":69}},"15":{"start":{"line":16,"column":0},"end":{"line":16,"column":3}},"17":{"start":{"line":18,"column":0},"end":{"line":18,"column":26}},"18":{"start":{"line":19,"column":0},"end":{"line":19,"column":51}},"19":{"start":{"line":20,"column":0},"end":{"line":20,"column":3}},"21":{"start":{"line":22,"column":0},"end":{"line":22,"column":17}},"22":{"start":{"line":23,"column":0},"end":{"line":23,"column":45}},"23":{"start":{"line":24,"column":0},"end":{"line":24,"column":3}},"25":{"start":{"line":26,"column":0},"end":{"line":26,"column":43}},"26":{"start":{"line":27,"column":0},"end":{"line":27,"column":56}},"27":{"start":{"line":28,"column":0},"end":{"line":28,"column":4}},"28":{"start":{"line":29,"column":0},"end":{"line":29,"column":79}},"29":{"start":{"line":30,"column":0},"end":{"line":30,"column":72}},"31":{"start":{"line":32,"column":0},"end":{"line":32,"column":37}},"32":{"start":{"line":33,"column":0},"end":{"line":33,"column":2}},"34":{"start":{"line":35,"column":0},"end":{"line":35,"column":31}}},"s":{"8":1,"9":13,"10":13,"11":13,"13":13,"14":3,"15":3,"17":13,"18":11,"19":11,"21":13,"22":3,"23":3,"25":13,"26":13,"27":13,"28":13,"29":13,"31":13,"32":13,"34":1},"branchMap":{"0":{"type":"branch","line":9,"loc":{"start":{"line":9,"column":24},"end":{"line":33,"column":2}},"locations":[{"start":{"line":9,"column":24},"end":{"line":33,"column":2}}]},"1":{"type":"branch","line":14,"loc":{"start":{"line":14,"column":18},"end":{"line":16,"column":3}},"locations":[{"start":{"line":14,"column":18},"end":{"line":16,"column":3}}]},"2":{"type":"branch","line":18,"loc":{"start":{"line":18,"column":25},"end":{"line":20,"column":3}},"locations":[{"start":{"line":18,"column":25},"end":{"line":20,"column":3}}]},"3":{"type":"branch","line":22,"loc":{"start":{"line":22,"column":16},"end":{"line":24,"column":3}},"locations":[{"start":{"line":22,"column":16},"end":{"line":24,"column":3}}]},"4":{"type":"branch","line":27,"loc":{"start":{"line":27,"column":47},"end":{"line":27,"column":56}},"locations":[{"start":{"line":27,"column":47},"end":{"line":27,"column":56}}]},"5":{"type":"branch","line":30,"loc":{"start":{"line":30,"column":65},"end":{"line":30,"column":72}},"locations":[{"start":{"line":30,"column":65},"end":{"line":30,"column":72}}]}},"b":{"0":[13],"1":[3],"2":[11],"3":[3],"4":[3],"5":[3]},"fnMap":{"0":{"name":"useLocalStorage","decl":{"start":{"line":9,"column":24},"end":{"line":33,"column":2}},"loc":{"start":{"line":9,"column":24},"end":{"line":33,"column":2}},"line":9}},"f":{"0":13}}
,"D:\\000-react\\react-task-1\\src\\useMyFetch.tsx": {"path":"D:\\000-react\\react-task-1\\src\\useMyFetch.tsx","all":false,"statementMap":{"0":{"start":{"line":1,"column":0},"end":{"line":1,"column":44}},"17":{"start":{"line":18,"column":0},"end":{"line":18,"column":59}},"19":{"start":{"line":20,"column":0},"end":{"line":20,"column":21}},"20":{"start":{"line":21,"column":0},"end":{"line":21,"column":16}},"21":{"start":{"line":22,"column":0},"end":{"line":22,"column":12}},"22":{"start":{"line":23,"column":0},"end":{"line":23,"column":40}},"23":{"start":{"line":24,"column":0},"end":{"line":24,"column":65}},"24":{"start":{"line":25,"column":0},"end":{"line":25,"column":47}},"25":{"start":{"line":26,"column":0},"end":{"line":26,"column":58}},"26":{"start":{"line":27,"column":0},"end":{"line":27,"column":62}},"30":{"start":{"line":31,"column":0},"end":{"line":31,"column":52}},"31":{"start":{"line":32,"column":0},"end":{"line":32,"column":45}},"32":{"start":{"line":33,"column":0},"end":{"line":33,"column":72}},"33":{"start":{"line":34,"column":0},"end":{"line":34,"column":4}},"35":{"start":{"line":36,"column":0},"end":{"line":36,"column":19}},"36":{"start":{"line":37,"column":0},"end":{"line":37,"column":21}},"37":{"start":{"line":38,"column":0},"end":{"line":38,"column":18}},"38":{"start":{"line":39,"column":0},"end":{"line":39,"column":19}},"40":{"start":{"line":41,"column":0},"end":{"line":41,"column":35}},"41":{"start":{"line":42,"column":0},"end":{"line":42,"column":59}},"43":{"start":{"line":44,"column":0},"end":{"line":44,"column":11}},"44":{"start":{"line":45,"column":0},"end":{"line":45,"column":37}},"45":{"start":{"line":46,"column":0},"end":{"line":46,"column":69}},"46":{"start":{"line":47,"column":0},"end":{"line":47,"column":10}},"47":{"start":{"line":48,"column":0},"end":{"line":48,"column":73}},"48":{"start":{"line":49,"column":0},"end":{"line":49,"column":59}},"49":{"start":{"line":50,"column":0},"end":{"line":50,"column":35}},"50":{"start":{"line":51,"column":0},"end":{"line":51,"column":46}},"52":{"start":{"line":53,"column":0},"end":{"line":53,"column":36}},"53":{"start":{"line":54,"column":0},"end":{"line":54,"column":26}},"54":{"start":{"line":55,"column":0},"end":{"line":55,"column":43}},"55":{"start":{"line":56,"column":0},"end":{"line":56,"column":10}},"56":{"start":{"line":57,"column":0},"end":{"line":57,"column":66}},"57":{"start":{"line":58,"column":0},"end":{"line":58,"column":66}},"58":{"start":{"line":59,"column":0},"end":{"line":59,"column":21}},"59":{"start":{"line":60,"column":0},"end":{"line":60,"column":74}},"60":{"start":{"line":61,"column":0},"end":{"line":61,"column":57}},"61":{"start":{"line":62,"column":0},"end":{"line":62,"column":16}},"62":{"start":{"line":63,"column":0},"end":{"line":63,"column":49}},"63":{"start":{"line":64,"column":0},"end":{"line":64,"column":9}},"64":{"start":{"line":65,"column":0},"end":{"line":65,"column":17}},"65":{"start":{"line":66,"column":0},"end":{"line":66,"column":26}},"66":{"start":{"line":67,"column":0},"end":{"line":67,"column":7}},"67":{"start":{"line":68,"column":0},"end":{"line":68,"column":6}},"69":{"start":{"line":70,"column":0},"end":{"line":70,"column":16}},"70":{"start":{"line":71,"column":0},"end":{"line":71,"column":95}},"72":{"start":{"line":73,"column":0},"end":{"line":73,"column":48}},"73":{"start":{"line":74,"column":0},"end":{"line":74,"column":1}},"75":{"start":{"line":76,"column":0},"end":{"line":76,"column":26}}},"s":{"0":1,"17":1,"19":7,"20":7,"21":7,"22":7,"23":7,"24":7,"25":7,"26":7,"30":7,"31":4,"32":4,"33":4,"35":7,"36":4,"37":4,"38":4,"40":4,"41":4,"43":4,"44":4,"45":4,"46":4,"47":3,"48":1,"49":4,"50":4,"52":4,"53":4,"54":4,"55":4,"56":4,"57":4,"58":4,"59":2,"60":2,"61":2,"62":0,"63":0,"64":3,"65":3,"66":3,"67":4,"69":4,"70":7,"72":7,"73":7,"75":1},"branchMap":{"0":{"type":"branch","line":20,"loc":{"start":{"line":20,"column":0},"end":{"line":74,"column":1}},"locations":[{"start":{"line":20,"column":0},"end":{"line":74,"column":1}}]},"1":{"type":"branch","line":31,"loc":{"start":{"line":31,"column":24},"end":{"line":34,"column":4}},"locations":[{"start":{"line":31,"column":24},"end":{"line":34,"column":4}}]},"2":{"type":"branch","line":33,"loc":{"start":{"line":33,"column":29},"end":{"line":33,"column":54}},"locations":[{"start":{"line":33,"column":29},"end":{"line":33,"column":54}}]},"3":{"type":"branch","line":33,"loc":{"start":{"line":33,"column":64},"end":{"line":33,"column":72}},"locations":[{"start":{"line":33,"column":64},"end":{"line":33,"column":72}}]},"4":{"type":"branch","line":36,"loc":{"start":{"line":36,"column":12},"end":{"line":71,"column":5}},"locations":[{"start":{"line":36,"column":12},"end":{"line":71,"column":5}}]},"5":{"type":"branch","line":41,"loc":{"start":{"line":41,"column":22},"end":{"line":68,"column":6}},"locations":[{"start":{"line":41,"column":22},"end":{"line":68,"column":6}}]},"6":{"type":"branch","line":47,"loc":{"start":{"line":47,"column":8},"end":{"line":50,"column":33}},"locations":[{"start":{"line":47,"column":8},"end":{"line":50,"column":33}}]},"7":{"type":"branch","line":47,"loc":{"start":{"line":47,"column":8},"end":{"line":48,"column":32}},"locations":[{"start":{"line":47,"column":8},"end":{"line":48,"column":32}}]},"8":{"type":"branch","line":48,"loc":{"start":{"line":48,"column":26},"end":{"line":50,"column":31}},"locations":[{"start":{"line":48,"column":26},"end":{"line":50,"column":31}}]},"9":{"type":"branch","line":50,"loc":{"start":{"line":50,"column":23},"end":{"line":50,"column":33}},"locations":[{"start":{"line":50,"column":23},"end":{"line":50,"column":33}}]},"10":{"type":"branch","line":51,"loc":{"start":{"line":51,"column":31},"end":{"line":51,"column":44}},"locations":[{"start":{"line":51,"column":31},"end":{"line":51,"column":44}}]},"11":{"type":"branch","line":55,"loc":{"start":{"line":55,"column":32},"end":{"line":55,"column":42}},"locations":[{"start":{"line":55,"column":32},"end":{"line":55,"column":42}}]},"12":{"type":"branch","line":59,"loc":{"start":{"line":59,"column":6},"end":{"line":67,"column":7}},"locations":[{"start":{"line":59,"column":6},"end":{"line":67,"column":7}}]},"13":{"type":"branch","line":59,"loc":{"start":{"line":59,"column":6},"end":{"line":65,"column":8}},"locations":[{"start":{"line":59,"column":6},"end":{"line":65,"column":8}}]},"14":{"type":"branch","line":62,"loc":{"start":{"line":62,"column":8},"end":{"line":64,"column":9}},"locations":[{"start":{"line":62,"column":8},"end":{"line":64,"column":9}}]}},"b":{"0":[7],"1":[4],"2":[0],"3":[1],"4":[4],"5":[4],"6":[3],"7":[2],"8":[1],"9":[0],"10":[0],"11":[0],"12":[3],"13":[2],"14":[0]},"fnMap":{"0":{"name":"useMyFetch","decl":{"start":{"line":20,"column":0},"end":{"line":74,"column":1}},"loc":{"start":{"line":20,"column":0},"end":{"line":74,"column":1}},"line":20},"1":{"name":"strToResponce","decl":{"start":{"line":31,"column":24},"end":{"line":34,"column":4}},"loc":{"start":{"line":31,"column":24},"end":{"line":34,"column":4}},"line":31},"2":{"name":"fetchData","decl":{"start":{"line":41,"column":22},"end":{"line":68,"column":6}},"loc":{"start":{"line":41,"column":22},"end":{"line":68,"column":6}},"line":41}},"f":{"0":7,"1":4,"2":4}}
,"D:\\000-react\\react-task-1\\src\\MainComponents\\CardView.tsx": {"path":"D:\\000-react\\react-task-1\\src\\MainComponents\\CardView.tsx","all":false,"statementMap":{"1":{"start":{"line":2,"column":0},"end":{"line":2,"column":26}},"2":{"start":{"line":3,"column":0},"end":{"line":3,"column":71}},"3":{"start":{"line":4,"column":0},"end":{"line":4,"column":44}},"4":{"start":{"line":5,"column":0},"end":{"line":5,"column":42}},"18":{"start":{"line":19,"column":0},"end":{"line":19,"column":74}},"19":{"start":{"line":20,"column":0},"end":{"line":20,"column":43}},"20":{"start":{"line":21,"column":0},"end":{"line":21,"column":74}},"21":{"start":{"line":22,"column":0},"end":{"line":22,"column":58}},"23":{"start":{"line":24,"column":0},"end":{"line":24,"column":19}},"24":{"start":{"line":25,"column":0},"end":{"line":25,"column":30}},"25":{"start":{"line":26,"column":0},"end":{"line":26,"column":28}},"26":{"start":{"line":27,"column":0},"end":{"line":27,"column":56}},"27":{"start":{"line":28,"column":0},"end":{"line":28,"column":59}},"29":{"start":{"line":30,"column":0},"end":{"line":30,"column":82}},"31":{"start":{"line":32,"column":0},"end":{"line":32,"column":33}},"32":{"start":{"line":33,"column":0},"end":{"line":33,"column":40}},"33":{"start":{"line":34,"column":0},"end":{"line":34,"column":20}},"34":{"start":{"line":35,"column":0},"end":{"line":35,"column":21}},"35":{"start":{"line":36,"column":0},"end":{"line":36,"column":12}},"36":{"start":{"line":37,"column":0},"end":{"line":37,"column":55}},"37":{"start":{"line":38,"column":0},"end":{"line":38,"column":5}},"38":{"start":{"line":39,"column":0},"end":{"line":39,"column":30}},"39":{"start":{"line":40,"column":0},"end":{"line":40,"column":4}},"41":{"start":{"line":42,"column":0},"end":{"line":42,"column":35}},"42":{"start":{"line":43,"column":0},"end":{"line":43,"column":36}},"43":{"start":{"line":44,"column":0},"end":{"line":44,"column":4}},"45":{"start":{"line":46,"column":0},"end":{"line":46,"column":10}},"46":{"start":{"line":47,"column":0},"end":{"line":47,"column":64}},"47":{"start":{"line":48,"column":0},"end":{"line":48,"column":33}},"48":{"start":{"line":49,"column":0},"end":{"line":49,"column":79}},"49":{"start":{"line":50,"column":0},"end":{"line":50,"column":47}},"50":{"start":{"line":51,"column":0},"end":{"line":51,"column":42}},"51":{"start":{"line":52,"column":0},"end":{"line":52,"column":19}},"52":{"start":{"line":53,"column":0},"end":{"line":53,"column":37}},"53":{"start":{"line":54,"column":0},"end":{"line":54,"column":47}},"54":{"start":{"line":55,"column":0},"end":{"line":55,"column":54}},"55":{"start":{"line":56,"column":0},"end":{"line":56,"column":29}},"56":{"start":{"line":57,"column":0},"end":{"line":57,"column":20}},"57":{"start":{"line":58,"column":0},"end":{"line":58,"column":16}},"59":{"start":{"line":60,"column":0},"end":{"line":60,"column":51}},"61":{"start":{"line":62,"column":0},"end":{"line":62,"column":14}},"62":{"start":{"line":63,"column":0},"end":{"line":63,"column":15}},"63":{"start":{"line":64,"column":0},"end":{"line":64,"column":16}},"64":{"start":{"line":65,"column":0},"end":{"line":65,"column":27}},"65":{"start":{"line":66,"column":0},"end":{"line":66,"column":38}},"66":{"start":{"line":67,"column":0},"end":{"line":67,"column":31}},"67":{"start":{"line":68,"column":0},"end":{"line":68,"column":12}},"68":{"start":{"line":69,"column":0},"end":{"line":69,"column":16}},"69":{"start":{"line":70,"column":0},"end":{"line":70,"column":12}},"70":{"start":{"line":71,"column":0},"end":{"line":71,"column":23}},"71":{"start":{"line":72,"column":0},"end":{"line":72,"column":33}},"72":{"start":{"line":73,"column":0},"end":{"line":73,"column":27}},"73":{"start":{"line":74,"column":0},"end":{"line":74,"column":40}},"74":{"start":{"line":75,"column":0},"end":{"line":75,"column":32}},"75":{"start":{"line":76,"column":0},"end":{"line":76,"column":79}},"76":{"start":{"line":77,"column":0},"end":{"line":77,"column":16}},"78":{"start":{"line":79,"column":0},"end":{"line":79,"column":40}},"79":{"start":{"line":80,"column":0},"end":{"line":80,"column":39}},"80":{"start":{"line":81,"column":0},"end":{"line":81,"column":46}},"81":{"start":{"line":82,"column":0},"end":{"line":82,"column":16}},"83":{"start":{"line":84,"column":0},"end":{"line":84,"column":40}},"84":{"start":{"line":85,"column":0},"end":{"line":85,"column":30}},"85":{"start":{"line":86,"column":0},"end":{"line":86,"column":36}},"86":{"start":{"line":87,"column":0},"end":{"line":87,"column":16}},"88":{"start":{"line":89,"column":0},"end":{"line":89,"column":40}},"89":{"start":{"line":90,"column":0},"end":{"line":90,"column":35}},"90":{"start":{"line":91,"column":0},"end":{"line":91,"column":42}},"91":{"start":{"line":92,"column":0},"end":{"line":92,"column":16}},"93":{"start":{"line":94,"column":0},"end":{"line":94,"column":40}},"94":{"start":{"line":95,"column":0},"end":{"line":95,"column":40}},"95":{"start":{"line":96,"column":0},"end":{"line":96,"column":47}},"96":{"start":{"line":97,"column":0},"end":{"line":97,"column":16}},"97":{"start":{"line":98,"column":0},"end":{"line":98,"column":40}},"98":{"start":{"line":99,"column":0},"end":{"line":99,"column":41}},"99":{"start":{"line":100,"column":0},"end":{"line":100,"column":56}},"100":{"start":{"line":101,"column":0},"end":{"line":101,"column":16}},"102":{"start":{"line":103,"column":0},"end":{"line":103,"column":40}},"103":{"start":{"line":104,"column":0},"end":{"line":104,"column":31}},"104":{"start":{"line":105,"column":0},"end":{"line":105,"column":15}},"105":{"start":{"line":106,"column":0},"end":{"line":106,"column":31}},"106":{"start":{"line":107,"column":0},"end":{"line":107,"column":45}},"107":{"start":{"line":108,"column":0},"end":{"line":108,"column":35}},"108":{"start":{"line":109,"column":0},"end":{"line":109,"column":16}},"109":{"start":{"line":110,"column":0},"end":{"line":110,"column":16}},"111":{"start":{"line":112,"column":0},"end":{"line":112,"column":40}},"112":{"start":{"line":113,"column":0},"end":{"line":113,"column":35}},"113":{"start":{"line":114,"column":0},"end":{"line":114,"column":15}},"114":{"start":{"line":115,"column":0},"end":{"line":115,"column":38}},"115":{"start":{"line":116,"column":0},"end":{"line":116,"column":41}},"116":{"start":{"line":117,"column":0},"end":{"line":117,"column":31}},"117":{"start":{"line":118,"column":0},"end":{"line":118,"column":49}},"118":{"start":{"line":119,"column":0},"end":{"line":119,"column":59}},"119":{"start":{"line":120,"column":0},"end":{"line":120,"column":22}},"120":{"start":{"line":121,"column":0},"end":{"line":121,"column":24}},"121":{"start":{"line":122,"column":0},"end":{"line":122,"column":16}},"122":{"start":{"line":123,"column":0},"end":{"line":123,"column":16}},"123":{"start":{"line":124,"column":0},"end":{"line":124,"column":14}},"125":{"start":{"line":126,"column":0},"end":{"line":126,"column":10}},"127":{"start":{"line":128,"column":0},"end":{"line":128,"column":2}},"129":{"start":{"line":130,"column":0},"end":{"line":130,"column":20}}},"s":{"1":1,"2":1,"3":1,"4":1,"18":1,"19":19,"20":19,"21":19,"23":19,"24":17,"25":19,"26":19,"27":19,"29":19,"31":19,"32":0,"33":0,"34":0,"35":0,"36":0,"37":0,"38":0,"39":0,"41":19,"42":1,"43":1,"45":19,"46":19,"47":19,"48":19,"49":19,"50":19,"51":19,"52":19,"53":19,"54":19,"55":19,"56":19,"57":19,"59":0,"61":19,"62":19,"63":19,"64":19,"65":19,"66":19,"67":19,"68":19,"69":19,"70":19,"71":2,"72":2,"73":2,"74":2,"75":2,"76":2,"78":2,"79":2,"80":2,"81":2,"83":2,"84":2,"85":2,"86":2,"88":2,"89":2,"90":2,"91":2,"93":2,"94":2,"95":2,"96":2,"97":2,"98":2,"99":2,"100":2,"102":2,"103":2,"104":2,"105":2,"106":2,"107":0,"108":2,"109":2,"111":2,"112":2,"113":2,"114":2,"115":2,"116":2,"117":2,"118":38,"119":2,"120":0,"121":2,"122":2,"123":2,"125":19,"127":19,"129":1},"branchMap":{"0":{"type":"branch","line":19,"loc":{"start":{"line":19,"column":13},"end":{"line":128,"column":2}},"locations":[{"start":{"line":19,"column":13},"end":{"line":128,"column":2}}]},"1":{"type":"branch","line":58,"loc":{"start":{"line":58,"column":15},"end":{"line":60,"column":51}},"locations":[{"start":{"line":58,"column":15},"end":{"line":60,"column":51}}]},"2":{"type":"branch","line":71,"loc":{"start":{"line":71,"column":7},"end":{"line":124,"column":14}},"locations":[{"start":{"line":71,"column":7},"end":{"line":124,"column":14}}]},"3":{"type":"branch","line":76,"loc":{"start":{"line":76,"column":65},"end":{"line":76,"column":75}},"locations":[{"start":{"line":76,"column":65},"end":{"line":76,"column":75}}]},"4":{"type":"branch","line":100,"loc":{"start":{"line":100,"column":39},"end":{"line":100,"column":52}},"locations":[{"start":{"line":100,"column":39},"end":{"line":100,"column":52}}]},"5":{"type":"branch","line":107,"loc":{"start":{"line":107,"column":44},"end":{"line":108,"column":35}},"locations":[{"start":{"line":107,"column":44},"end":{"line":108,"column":35}}]},"6":{"type":"branch","line":120,"loc":{"start":{"line":120,"column":21},"end":{"line":121,"column":24}},"locations":[{"start":{"line":120,"column":21},"end":{"line":121,"column":24}}]},"7":{"type":"branch","line":21,"loc":{"start":{"line":21,"column":38},"end":{"line":21,"column":72}},"locations":[{"start":{"line":21,"column":38},"end":{"line":21,"column":72}}]},"8":{"type":"branch","line":24,"loc":{"start":{"line":24,"column":12},"end":{"line":26,"column":5}},"locations":[{"start":{"line":24,"column":12},"end":{"line":26,"column":5}}]},"9":{"type":"branch","line":42,"loc":{"start":{"line":42,"column":28},"end":{"line":44,"column":4}},"locations":[{"start":{"line":42,"column":28},"end":{"line":44,"column":4}}]},"10":{"type":"branch","line":43,"loc":{"start":{"line":43,"column":19},"end":{"line":43,"column":34}},"locations":[{"start":{"line":43,"column":19},"end":{"line":43,"column":34}}]},"11":{"type":"branch","line":54,"loc":{"start":{"line":54,"column":24},"end":{"line":57,"column":20}},"locations":[{"start":{"line":54,"column":24},"end":{"line":57,"column":20}}]},"12":{"type":"branch","line":118,"loc":{"start":{"line":118,"column":25},"end":{"line":119,"column":59}},"locations":[{"start":{"line":118,"column":25},"end":{"line":119,"column":59}}]}},"b":{"0":[19],"1":[0],"2":[2],"3":[0],"4":[0],"5":[0],"6":[0],"7":[28],"8":[17],"9":[1],"10":[1],"11":[19],"12":[38]},"fnMap":{"0":{"name":"Card","decl":{"start":{"line":19,"column":13},"end":{"line":128,"column":2}},"loc":{"start":{"line":19,"column":13},"end":{"line":128,"column":2}},"line":19},"1":{"name":"toggleSelectBox","decl":{"start":{"line":32,"column":26},"end":{"line":40,"column":4}},"loc":{"start":{"line":32,"column":26},"end":{"line":40,"column":4}},"line":32},"2":{"name":"handleShowDetails","decl":{"start":{"line":42,"column":28},"end":{"line":44,"column":4}},"loc":{"start":{"line":42,"column":28},"end":{"line":44,"column":4}},"line":42}},"f":{"0":19,"1":0,"2":1}}
,"D:\\000-react\\react-task-1\\src\\MainComponents\\EmptyContainer.tsx": {"path":"D:\\000-react\\react-task-1\\src\\MainComponents\\EmptyContainer.tsx","all":false,"statementMap":{"0":{"start":{"line":1,"column":0},"end":{"line":1,"column":27}},"1":{"start":{"line":2,"column":0},"end":{"line":2,"column":10}},"2":{"start":{"line":3,"column":0},"end":{"line":3,"column":37}},"3":{"start":{"line":4,"column":0},"end":{"line":4,"column":26}},"4":{"start":{"line":5,"column":0},"end":{"line":5,"column":68}},"6":{"start":{"line":7,"column":0},"end":{"line":7,"column":10}},"7":{"start":{"line":8,"column":0},"end":{"line":8,"column":10}},"9":{"start":{"line":10,"column":0},"end":{"line":10,"column":1}},"10":{"start":{"line":11,"column":0},"end":{"line":11,"column":30}}},"s":{"0":1,"1":1,"2":1,"3":1,"4":1,"6":1,"7":1,"9":1,"10":1},"branchMap":{"0":{"type":"branch","line":1,"loc":{"start":{"line":1,"column":0},"end":{"line":10,"column":1}},"locations":[{"start":{"line":1,"column":0},"end":{"line":10,"column":1}}]}},"b":{"0":[1]},"fnMap":{"0":{"name":"EmptyContainer","decl":{"start":{"line":1,"column":0},"end":{"line":10,"column":1}},"loc":{"start":{"line":1,"column":0},"end":{"line":10,"column":1}},"line":1}},"f":{"0":1}}
,"D:\\000-react\\react-task-1\\src\\MainComponents\\MiniBookCollection.tsx": {"path":"D:\\000-react\\react-task-1\\src\\MainComponents\\MiniBookCollection.tsx","all":false,"statementMap":{"0":{"start":{"line":1,"column":0},"end":{"line":1,"column":38}},"1":{"start":{"line":2,"column":0},"end":{"line":2,"column":57}},"2":{"start":{"line":3,"column":0},"end":{"line":3,"column":41}},"3":{"start":{"line":4,"column":0},"end":{"line":4,"column":49}},"4":{"start":{"line":5,"column":0},"end":{"line":5,"column":40}},"6":{"start":{"line":7,"column":0},"end":{"line":7,"column":39}},"7":{"start":{"line":8,"column":0},"end":{"line":8,"column":34}},"8":{"start":{"line":9,"column":0},"end":{"line":9,"column":44}},"9":{"start":{"line":10,"column":0},"end":{"line":10,"column":6}},"10":{"start":{"line":11,"column":0},"end":{"line":11,"column":25}},"11":{"start":{"line":12,"column":0},"end":{"line":12,"column":24}},"12":{"start":{"line":13,"column":0},"end":{"line":13,"column":2}},"14":{"start":{"line":15,"column":0},"end":{"line":15,"column":34}},"15":{"start":{"line":16,"column":0},"end":{"line":16,"column":47}},"16":{"start":{"line":17,"column":0},"end":{"line":17,"column":57}},"18":{"start":{"line":19,"column":0},"end":{"line":19,"column":71}},"19":{"start":{"line":20,"column":0},"end":{"line":20,"column":55}},"20":{"start":{"line":21,"column":0},"end":{"line":21,"column":4}},"22":{"start":{"line":23,"column":0},"end":{"line":23,"column":77}},"23":{"start":{"line":24,"column":0},"end":{"line":24,"column":27}},"25":{"start":{"line":26,"column":0},"end":{"line":26,"column":43}},"26":{"start":{"line":27,"column":0},"end":{"line":27,"column":31}},"28":{"start":{"line":29,"column":0},"end":{"line":29,"column":22}},"29":{"start":{"line":30,"column":0},"end":{"line":30,"column":88}},"30":{"start":{"line":31,"column":0},"end":{"line":31,"column":33}},"31":{"start":{"line":32,"column":0},"end":{"line":32,"column":11}},"32":{"start":{"line":33,"column":0},"end":{"line":33,"column":17}},"33":{"start":{"line":34,"column":0},"end":{"line":34,"column":37}},"34":{"start":{"line":35,"column":0},"end":{"line":35,"column":68}},"35":{"start":{"line":36,"column":0},"end":{"line":36,"column":36}},"36":{"start":{"line":37,"column":0},"end":{"line":37,"column":83}},"37":{"start":{"line":38,"column":0},"end":{"line":38,"column":33}},"38":{"start":{"line":39,"column":0},"end":{"line":39,"column":7}},"39":{"start":{"line":40,"column":0},"end":{"line":40,"column":18}},"41":{"start":{"line":42,"column":0},"end":{"line":42,"column":44}},"43":{"start":{"line":44,"column":0},"end":{"line":44,"column":77}},"44":{"start":{"line":45,"column":0},"end":{"line":45,"column":42}},"45":{"start":{"line":46,"column":0},"end":{"line":46,"column":39}},"46":{"start":{"line":47,"column":0},"end":{"line":47,"column":54}},"48":{"start":{"line":49,"column":0},"end":{"line":49,"column":26}},"49":{"start":{"line":50,"column":0},"end":{"line":50,"column":33}},"50":{"start":{"line":51,"column":0},"end":{"line":51,"column":42}},"51":{"start":{"line":52,"column":0},"end":{"line":52,"column":30}},"52":{"start":{"line":53,"column":0},"end":{"line":53,"column":5}},"54":{"start":{"line":55,"column":0},"end":{"line":55,"column":29}},"55":{"start":{"line":56,"column":0},"end":{"line":56,"column":4}},"57":{"start":{"line":58,"column":0},"end":{"line":58,"column":10}},"58":{"start":{"line":59,"column":0},"end":{"line":59,"column":77}},"59":{"start":{"line":60,"column":0},"end":{"line":60,"column":13}},"60":{"start":{"line":61,"column":0},"end":{"line":61,"column":41}},"61":{"start":{"line":62,"column":0},"end":{"line":62,"column":29}},"62":{"start":{"line":63,"column":0},"end":{"line":63,"column":21}},"63":{"start":{"line":64,"column":0},"end":{"line":64,"column":7}},"65":{"start":{"line":66,"column":0},"end":{"line":66,"column":15}},"66":{"start":{"line":67,"column":0},"end":{"line":67,"column":10}},"68":{"start":{"line":69,"column":0},"end":{"line":69,"column":43}},"69":{"start":{"line":70,"column":0},"end":{"line":70,"column":11}},"70":{"start":{"line":71,"column":0},"end":{"line":71,"column":8}},"71":{"start":{"line":72,"column":0},"end":{"line":72,"column":21}},"72":{"start":{"line":73,"column":0},"end":{"line":73,"column":35}},"73":{"start":{"line":74,"column":0},"end":{"line":74,"column":7}},"75":{"start":{"line":76,"column":0},"end":{"line":76,"column":10}},"76":{"start":{"line":77,"column":0},"end":{"line":77,"column":74}},"78":{"start":{"line":79,"column":0},"end":{"line":79,"column":15}},"79":{"start":{"line":80,"column":0},"end":{"line":80,"column":10}},"81":{"start":{"line":82,"column":0},"end":{"line":82,"column":2}},"83":{"start":{"line":84,"column":0},"end":{"line":84,"column":34}}},"s":{"0":1,"1":1,"2":1,"3":1,"4":1,"6":1,"7":2,"8":2,"9":2,"10":2,"11":2,"12":2,"14":1,"15":2,"16":2,"18":2,"19":1,"20":1,"22":2,"23":0,"25":0,"26":0,"28":0,"29":0,"30":0,"31":0,"32":0,"33":0,"34":0,"35":0,"36":0,"37":0,"38":0,"39":0,"41":0,"43":0,"44":0,"45":0,"46":0,"48":0,"49":0,"50":0,"51":0,"52":0,"54":0,"55":0,"57":2,"58":2,"59":2,"60":2,"61":2,"62":2,"63":2,"65":2,"66":2,"68":2,"69":2,"70":2,"71":2,"72":2,"73":2,"75":2,"76":2,"78":2,"79":2,"81":2,"83":1},"branchMap":{"0":{"type":"branch","line":7,"loc":{"start":{"line":7,"column":38},"end":{"line":13,"column":2}},"locations":[{"start":{"line":7,"column":38},"end":{"line":13,"column":2}}]},"1":{"type":"branch","line":15,"loc":{"start":{"line":15,"column":27},"end":{"line":82,"column":2}},"locations":[{"start":{"line":15,"column":27},"end":{"line":82,"column":2}}]},"2":{"type":"branch","line":19,"loc":{"start":{"line":19,"column":22},"end":{"line":21,"column":4}},"locations":[{"start":{"line":19,"column":22},"end":{"line":21,"column":4}}]}},"b":{"0":[2],"1":[2],"2":[1]},"fnMap":{"0":{"name":"handleClearCollections","decl":{"start":{"line":7,"column":38},"end":{"line":13,"column":2}},"loc":{"start":{"line":7,"column":38},"end":{"line":13,"column":2}},"line":7},"1":{"name":"MiniBookCollection","decl":{"start":{"line":15,"column":27},"end":{"line":82,"column":2}},"loc":{"start":{"line":15,"column":27},"end":{"line":82,"column":2}},"line":15},"2":{"name":"handleClick","decl":{"start":{"line":19,"column":22},"end":{"line":21,"column":4}},"loc":{"start":{"line":19,"column":22},"end":{"line":21,"column":4}},"line":19},"3":{"name":"handleDownloadCSV","decl":{"start":{"line":23,"column":28},"end":{"line":56,"column":4}},"loc":{"start":{"line":23,"column":28},"end":{"line":56,"column":4}},"line":23}},"f":{"0":2,"1":2,"2":1,"3":0}}
,"D:\\000-react\\react-task-1\\src\\MainComponents\\Pagination.tsx": {"path":"D:\\000-react\\react-task-1\\src\\MainComponents\\Pagination.tsx","all":false,"statementMap":{"0":{"start":{"line":1,"column":0},"end":{"line":1,"column":49}},"1":{"start":{"line":2,"column":0},"end":{"line":2,"column":51}},"2":{"start":{"line":3,"column":0},"end":{"line":3,"column":60}},"10":{"start":{"line":11,"column":0},"end":{"line":11,"column":22}},"11":{"start":{"line":12,"column":0},"end":{"line":12,"column":14}},"12":{"start":{"line":13,"column":0},"end":{"line":13,"column":13}},"13":{"start":{"line":14,"column":0},"end":{"line":14,"column":19}},"14":{"start":{"line":15,"column":0},"end":{"line":15,"column":25}},"15":{"start":{"line":16,"column":0},"end":{"line":16,"column":48}},"16":{"start":{"line":17,"column":0},"end":{"line":17,"column":33}},"17":{"start":{"line":18,"column":0},"end":{"line":18,"column":33}},"18":{"start":{"line":19,"column":0},"end":{"line":19,"column":60}},"20":{"start":{"line":21,"column":0},"end":{"line":21,"column":40}},"21":{"start":{"line":22,"column":0},"end":{"line":22,"column":46}},"23":{"start":{"line":24,"column":0},"end":{"line":24,"column":46}},"24":{"start":{"line":25,"column":0},"end":{"line":25,"column":44}},"26":{"start":{"line":27,"column":0},"end":{"line":27,"column":27}},"27":{"start":{"line":28,"column":0},"end":{"line":28,"column":4}},"29":{"start":{"line":30,"column":0},"end":{"line":30,"column":10}},"30":{"start":{"line":31,"column":0},"end":{"line":31,"column":32}},"31":{"start":{"line":32,"column":0},"end":{"line":32,"column":10}},"32":{"start":{"line":33,"column":0},"end":{"line":33,"column":46}},"33":{"start":{"line":34,"column":0},"end":{"line":34,"column":11}},"34":{"start":{"line":35,"column":0},"end":{"line":35,"column":44}},"35":{"start":{"line":36,"column":0},"end":{"line":36,"column":15}},"36":{"start":{"line":37,"column":0},"end":{"line":37,"column":23}},"37":{"start":{"line":38,"column":0},"end":{"line":38,"column":53}},"38":{"start":{"line":39,"column":0},"end":{"line":39,"column":38}},"39":{"start":{"line":40,"column":0},"end":{"line":40,"column":30}},"41":{"start":{"line":42,"column":0},"end":{"line":42,"column":70}},"42":{"start":{"line":43,"column":0},"end":{"line":43,"column":17}},"43":{"start":{"line":44,"column":0},"end":{"line":44,"column":15}},"44":{"start":{"line":45,"column":0},"end":{"line":45,"column":23}},"45":{"start":{"line":46,"column":0},"end":{"line":46,"column":53}},"46":{"start":{"line":47,"column":0},"end":{"line":47,"column":47}},"47":{"start":{"line":48,"column":0},"end":{"line":48,"column":30}},"49":{"start":{"line":50,"column":0},"end":{"line":50,"column":72}},"50":{"start":{"line":51,"column":0},"end":{"line":51,"column":17}},"51":{"start":{"line":52,"column":0},"end":{"line":52,"column":12}},"52":{"start":{"line":53,"column":0},"end":{"line":53,"column":10}},"54":{"start":{"line":55,"column":0},"end":{"line":55,"column":2}},"56":{"start":{"line":57,"column":0},"end":{"line":57,"column":27}}},"s":{"0":1,"1":1,"2":1,"10":1,"11":5,"12":5,"13":5,"14":5,"15":5,"16":5,"17":5,"18":5,"20":5,"21":2,"23":2,"24":2,"26":2,"27":2,"29":5,"30":5,"31":5,"32":5,"33":5,"34":5,"35":5,"36":5,"37":5,"38":5,"39":5,"41":5,"42":5,"43":5,"44":5,"45":5,"46":5,"47":5,"49":5,"50":5,"51":5,"52":5,"54":5,"56":1},"branchMap":{"0":{"type":"branch","line":11,"loc":{"start":{"line":11,"column":20},"end":{"line":55,"column":2}},"locations":[{"start":{"line":11,"column":20},"end":{"line":55,"column":2}}]},"1":{"type":"branch","line":21,"loc":{"start":{"line":21,"column":21},"end":{"line":28,"column":4}},"locations":[{"start":{"line":21,"column":21},"end":{"line":28,"column":4}}]},"2":{"type":"branch","line":22,"loc":{"start":{"line":22,"column":39},"end":{"line":22,"column":46}},"locations":[{"start":{"line":22,"column":39},"end":{"line":22,"column":46}}]},"3":{"type":"branch","line":38,"loc":{"start":{"line":38,"column":19},"end":{"line":38,"column":53}},"locations":[{"start":{"line":38,"column":19},"end":{"line":38,"column":53}}]},"4":{"type":"branch","line":46,"loc":{"start":{"line":46,"column":19},"end":{"line":46,"column":53}},"locations":[{"start":{"line":46,"column":19},"end":{"line":46,"column":53}}]}},"b":{"0":[5],"1":[2],"2":[0],"3":[1],"4":[1]},"fnMap":{"0":{"name":"Paginations","decl":{"start":{"line":11,"column":20},"end":{"line":55,"column":2}},"loc":{"start":{"line":11,"column":20},"end":{"line":55,"column":2}},"line":11},"1":{"name":"changePage","decl":{"start":{"line":21,"column":21},"end":{"line":28,"column":4}},"loc":{"start":{"line":21,"column":21},"end":{"line":28,"column":4}},"line":21},"2":{"name":"onClick","decl":{"start":{"line":38,"column":19},"end":{"line":38,"column":53}},"loc":{"start":{"line":38,"column":19},"end":{"line":38,"column":53}},"line":38},"3":{"name":"onClick","decl":{"start":{"line":46,"column":19},"end":{"line":46,"column":53}},"loc":{"start":{"line":46,"column":19},"end":{"line":46,"column":53}},"line":46}},"f":{"0":5,"1":2,"2":1,"3":1}}
,"D:\\000-react\\react-task-1\\src\\MainComponents\\resultMain.tsx": {"path":"D:\\000-react\\react-task-1\\src\\MainComponents\\resultMain.tsx","all":false,"statementMap":{"1":{"start":{"line":2,"column":0},"end":{"line":2,"column":30}},"2":{"start":{"line":3,"column":0},"end":{"line":3,"column":54}},"3":{"start":{"line":4,"column":0},"end":{"line":4,"column":42}},"10":{"start":{"line":11,"column":0},"end":{"line":11,"column":60}},"11":{"start":{"line":12,"column":0},"end":{"line":12,"column":74}},"12":{"start":{"line":13,"column":0},"end":{"line":13,"column":49}},"14":{"start":{"line":15,"column":0},"end":{"line":15,"column":29}},"15":{"start":{"line":16,"column":0},"end":{"line":16,"column":12}},"16":{"start":{"line":17,"column":0},"end":{"line":17,"column":36}},"17":{"start":{"line":18,"column":0},"end":{"line":18,"column":63}},"18":{"start":{"line":19,"column":0},"end":{"line":19,"column":12}},"20":{"start":{"line":21,"column":0},"end":{"line":21,"column":3}},"22":{"start":{"line":23,"column":0},"end":{"line":23,"column":10}},"23":{"start":{"line":24,"column":0},"end":{"line":24,"column":38}},"24":{"start":{"line":25,"column":0},"end":{"line":25,"column":39}},"25":{"start":{"line":26,"column":0},"end":{"line":26,"column":57}},"26":{"start":{"line":27,"column":0},"end":{"line":27,"column":63}},"27":{"start":{"line":28,"column":0},"end":{"line":28,"column":12}},"28":{"start":{"line":29,"column":0},"end":{"line":29,"column":32}},"29":{"start":{"line":30,"column":0},"end":{"line":30,"column":49}},"30":{"start":{"line":31,"column":0},"end":{"line":31,"column":56}},"31":{"start":{"line":32,"column":0},"end":{"line":32,"column":9}},"32":{"start":{"line":33,"column":0},"end":{"line":33,"column":52}},"33":{"start":{"line":34,"column":0},"end":{"line":34,"column":10}},"35":{"start":{"line":36,"column":0},"end":{"line":36,"column":2}},"37":{"start":{"line":38,"column":0},"end":{"line":38,"column":27}}},"s":{"1":1,"2":1,"3":1,"10":1,"11":2,"12":2,"14":2,"15":0,"16":0,"17":0,"18":0,"20":0,"22":2,"23":2,"24":2,"25":2,"26":2,"27":2,"28":2,"29":8,"30":8,"31":2,"32":2,"33":2,"35":2,"37":1},"branchMap":{"0":{"type":"branch","line":11,"loc":{"start":{"line":11,"column":20},"end":{"line":36,"column":2}},"locations":[{"start":{"line":11,"column":20},"end":{"line":36,"column":2}}]},"1":{"type":"branch","line":15,"loc":{"start":{"line":15,"column":28},"end":{"line":21,"column":3}},"locations":[{"start":{"line":15,"column":28},"end":{"line":21,"column":3}}]},"2":{"type":"branch","line":33,"loc":{"start":{"line":33,"column":7},"end":{"line":33,"column":52}},"locations":[{"start":{"line":33,"column":7},"end":{"line":33,"column":52}}]},"3":{"type":"branch","line":12,"loc":{"start":{"line":12,"column":38},"end":{"line":12,"column":72}},"locations":[{"start":{"line":12,"column":38},"end":{"line":12,"column":72}}]},"4":{"type":"branch","line":29,"loc":{"start":{"line":29,"column":19},"end":{"line":32,"column":7}},"locations":[{"start":{"line":29,"column":19},"end":{"line":32,"column":7}}]}},"b":{"0":[2],"1":[0],"2":[1],"3":[2],"4":[8]},"fnMap":{"0":{"name":"RenderBooks","decl":{"start":{"line":11,"column":20},"end":{"line":36,"column":2}},"loc":{"start":{"line":11,"column":20},"end":{"line":36,"column":2}},"line":11}},"f":{"0":2}}
,"D:\\000-react\\react-task-1\\src\\Redux\\Redux-main.tsx": {"path":"D:\\000-react\\react-task-1\\src\\Redux\\Redux-main.tsx","all":false,"statementMap":{"0":{"start":{"line":1,"column":0},"end":{"line":1,"column":8}},"7":{"start":{"line":8,"column":0},"end":{"line":8,"column":42}},"9":{"start":{"line":10,"column":0},"end":{"line":10,"column":40}},"15":{"start":{"line":16,"column":0},"end":{"line":16,"column":45}},"16":{"start":{"line":17,"column":0},"end":{"line":17,"column":22}},"17":{"start":{"line":18,"column":0},"end":{"line":18,"column":15}},"19":{"start":{"line":20,"column":0},"end":{"line":20,"column":13}},"20":{"start":{"line":21,"column":0},"end":{"line":21,"column":58}},"21":{"start":{"line":22,"column":0},"end":{"line":22,"column":73}},"22":{"start":{"line":23,"column":0},"end":{"line":23,"column":20}},"23":{"start":{"line":24,"column":0},"end":{"line":24,"column":35}},"24":{"start":{"line":25,"column":0},"end":{"line":25,"column":7}},"25":{"start":{"line":26,"column":0},"end":{"line":26,"column":6}},"27":{"start":{"line":28,"column":0},"end":{"line":28,"column":59}},"28":{"start":{"line":29,"column":0},"end":{"line":29,"column":64}},"29":{"start":{"line":30,"column":0},"end":{"line":30,"column":6}},"31":{"start":{"line":32,"column":0},"end":{"line":32,"column":32}},"32":{"start":{"line":33,"column":0},"end":{"line":33,"column":16}},"33":{"start":{"line":34,"column":0},"end":{"line":34,"column":6}},"34":{"start":{"line":35,"column":0},"end":{"line":35,"column":4}},"35":{"start":{"line":36,"column":0},"end":{"line":36,"column":3}},"37":{"start":{"line":38,"column":0},"end":{"line":38,"column":68}},"41":{"start":{"line":42,"column":0},"end":{"line":42,"column":51}},"42":{"start":{"line":43,"column":0},"end":{"line":43,"column":49}},"43":{"start":{"line":44,"column":0},"end":{"line":44,"column":46}},"44":{"start":{"line":45,"column":0},"end":{"line":45,"column":2}},"46":{"start":{"line":47,"column":0},"end":{"line":47,"column":49}},"47":{"start":{"line":48,"column":0},"end":{"line":48,"column":49}},"48":{"start":{"line":49,"column":0},"end":{"line":49,"column":22}},"49":{"start":{"line":50,"column":0},"end":{"line":50,"column":2}},"51":{"start":{"line":52,"column":0},"end":{"line":52,"column":55}},"52":{"start":{"line":53,"column":0},"end":{"line":53,"column":27}},"54":{"start":{"line":55,"column":0},"end":{"line":55,"column":33}},"55":{"start":{"line":56,"column":0},"end":{"line":56,"column":33}},"56":{"start":{"line":57,"column":0},"end":{"line":57,"column":64}},"57":{"start":{"line":58,"column":0},"end":{"line":58,"column":2}},"59":{"start":{"line":60,"column":0},"end":{"line":60,"column":21}}},"s":{"0":1,"7":1,"9":1,"15":1,"16":1,"17":1,"19":1,"20":1,"21":0,"22":0,"23":0,"24":0,"25":0,"27":1,"28":0,"29":0,"31":1,"32":0,"33":0,"34":1,"35":1,"37":1,"41":1,"42":36,"43":36,"44":36,"46":1,"47":2,"48":2,"49":2,"51":1,"52":1,"54":1,"55":20,"56":20,"57":20,"59":1},"branchMap":{"0":{"type":"branch","line":42,"loc":{"start":{"line":42,"column":25},"end":{"line":45,"column":2}},"locations":[{"start":{"line":42,"column":25},"end":{"line":45,"column":2}}]},"1":{"type":"branch","line":47,"loc":{"start":{"line":47,"column":34},"end":{"line":50,"column":2}},"locations":[{"start":{"line":47,"column":34},"end":{"line":50,"column":2}}]},"2":{"type":"branch","line":55,"loc":{"start":{"line":55,"column":26},"end":{"line":58,"column":2}},"locations":[{"start":{"line":55,"column":26},"end":{"line":58,"column":2}}]}},"b":{"0":[36],"1":[2],"2":[20]},"fnMap":{"0":{"name":"add","decl":{"start":{"line":21,"column":9},"end":{"line":26,"column":6}},"loc":{"start":{"line":21,"column":9},"end":{"line":26,"column":6}},"line":21},"1":{"name":"deleteById","decl":{"start":{"line":28,"column":16},"end":{"line":30,"column":6}},"loc":{"start":{"line":28,"column":16},"end":{"line":30,"column":6}},"line":28},"2":{"name":"clearAllCollections","decl":{"start":{"line":32,"column":25},"end":{"line":34,"column":6}},"loc":{"start":{"line":32,"column":25},"end":{"line":34,"column":6}},"line":32},"3":{"name":"checkIsId","decl":{"start":{"line":42,"column":25},"end":{"line":45,"column":2}},"loc":{"start":{"line":42,"column":25},"end":{"line":45,"column":2}},"line":42},"4":{"name":"getCountBookSelect","decl":{"start":{"line":47,"column":34},"end":{"line":50,"column":2}},"loc":{"start":{"line":47,"column":34},"end":{"line":50,"column":2}},"line":47},"5":{"name":"useAcrions","decl":{"start":{"line":55,"column":26},"end":{"line":58,"column":2}},"loc":{"start":{"line":55,"column":26},"end":{"line":58,"column":2}},"line":55}},"f":{"0":0,"1":0,"2":0,"3":36,"4":2,"5":20}}
,"D:\\000-react\\react-task-1\\src\\topComponents\\ButtonForSearch.tsx": {"path":"D:\\000-react\\react-task-1\\src\\topComponents\\ButtonForSearch.tsx","all":false,"statementMap":{"6":{"start":{"line":7,"column":0},"end":{"line":7,"column":74}},"7":{"start":{"line":8,"column":0},"end":{"line":8,"column":10}},"8":{"start":{"line":9,"column":0},"end":{"line":9,"column":60}},"10":{"start":{"line":11,"column":0},"end":{"line":11,"column":13}},"12":{"start":{"line":13,"column":0},"end":{"line":13,"column":2}},"14":{"start":{"line":15,"column":0},"end":{"line":15,"column":31}}},"s":{"6":1,"7":5,"8":5,"10":5,"12":5,"14":1},"branchMap":{"0":{"type":"branch","line":7,"loc":{"start":{"line":7,"column":44},"end":{"line":13,"column":2}},"locations":[{"start":{"line":7,"column":44},"end":{"line":13,"column":2}}]}},"b":{"0":[5]},"fnMap":{"0":{"name":"ButtonForSearch","decl":{"start":{"line":7,"column":44},"end":{"line":13,"column":2}},"loc":{"start":{"line":7,"column":44},"end":{"line":13,"column":2}},"line":7}},"f":{"0":5}}
,"D:\\000-react\\react-task-1\\src\\topComponents\\MyInputTop.tsx": {"path":"D:\\000-react\\react-task-1\\src\\topComponents\\MyInputTop.tsx","all":false,"statementMap":{"1":{"start":{"line":2,"column":0},"end":{"line":2,"column":33}},"8":{"start":{"line":9,"column":0},"end":{"line":9,"column":70}},"9":{"start":{"line":10,"column":0},"end":{"line":10,"column":47}},"10":{"start":{"line":11,"column":0},"end":{"line":11,"column":68}},"11":{"start":{"line":12,"column":0},"end":{"line":12,"column":36}},"12":{"start":{"line":13,"column":0},"end":{"line":13,"column":23}},"13":{"start":{"line":14,"column":0},"end":{"line":14,"column":23}},"14":{"start":{"line":15,"column":0},"end":{"line":15,"column":4}},"16":{"start":{"line":17,"column":0},"end":{"line":17,"column":34}},"17":{"start":{"line":18,"column":0},"end":{"line":18,"column":57}},"18":{"start":{"line":19,"column":0},"end":{"line":19,"column":3}},"20":{"start":{"line":21,"column":0},"end":{"line":21,"column":10}},"21":{"start":{"line":22,"column":0},"end":{"line":22,"column":36}},"22":{"start":{"line":23,"column":0},"end":{"line":23,"column":12}},"23":{"start":{"line":24,"column":0},"end":{"line":24,"column":19}},"24":{"start":{"line":25,"column":0},"end":{"line":25,"column":28}},"25":{"start":{"line":26,"column":0},"end":{"line":26,"column":32}},"26":{"start":{"line":27,"column":0},"end":{"line":27,"column":24}},"27":{"start":{"line":28,"column":0},"end":{"line":28,"column":31}},"28":{"start":{"line":29,"column":0},"end":{"line":29,"column":39}},"29":{"start":{"line":30,"column":0},"end":{"line":30,"column":8}},"30":{"start":{"line":31,"column":0},"end":{"line":31,"column":12}},"32":{"start":{"line":33,"column":0},"end":{"line":33,"column":2}},"34":{"start":{"line":35,"column":0},"end":{"line":35,"column":26}}},"s":{"1":1,"8":1,"9":7,"10":7,"11":2,"12":2,"13":2,"14":2,"16":7,"17":0,"18":0,"20":7,"21":7,"22":7,"23":7,"24":7,"25":7,"26":7,"27":7,"28":7,"29":7,"30":7,"32":7,"34":1},"branchMap":{"0":{"type":"branch","line":9,"loc":{"start":{"line":9,"column":19},"end":{"line":33,"column":2}},"locations":[{"start":{"line":9,"column":19},"end":{"line":33,"column":2}}]},"1":{"type":"branch","line":17,"loc":{"start":{"line":17,"column":33},"end":{"line":19,"column":3}},"locations":[{"start":{"line":17,"column":33},"end":{"line":19,"column":3}}]},"2":{"type":"branch","line":11,"loc":{"start":{"line":11,"column":23},"end":{"line":15,"column":4}},"locations":[{"start":{"line":11,"column":23},"end":{"line":15,"column":4}}]}},"b":{"0":[7],"1":[0],"2":[2]},"fnMap":{"0":{"name":"MyInputTop","decl":{"start":{"line":9,"column":19},"end":{"line":33,"column":2}},"loc":{"start":{"line":9,"column":19},"end":{"line":33,"column":2}},"line":9},"1":{"name":"handleChange","decl":{"start":{"line":11,"column":23},"end":{"line":15,"column":4}},"loc":{"start":{"line":11,"column":23},"end":{"line":15,"column":4}},"line":11}},"f":{"0":7,"1":2}}
,"D:\\000-react\\react-task-1\\src\\topComponents\\SelectTheme.tsx": {"path":"D:\\000-react\\react-task-1\\src\\topComponents\\SelectTheme.tsx","all":false,"statementMap":{"0":{"start":{"line":1,"column":0},"end":{"line":1,"column":42}},"1":{"start":{"line":2,"column":0},"end":{"line":2,"column":43}},"3":{"start":{"line":4,"column":0},"end":{"line":4,"column":24}},"4":{"start":{"line":5,"column":0},"end":{"line":5,"column":53}},"6":{"start":{"line":7,"column":0},"end":{"line":7,"column":75}},"7":{"start":{"line":8,"column":0},"end":{"line":8,"column":33}},"8":{"start":{"line":9,"column":0},"end":{"line":9,"column":4}},"10":{"start":{"line":11,"column":0},"end":{"line":11,"column":10}},"11":{"start":{"line":12,"column":0},"end":{"line":12,"column":11}},"12":{"start":{"line":13,"column":0},"end":{"line":13,"column":13}},"13":{"start":{"line":14,"column":0},"end":{"line":14,"column":24}},"14":{"start":{"line":15,"column":0},"end":{"line":15,"column":21}},"15":{"start":{"line":16,"column":0},"end":{"line":16,"column":33}},"16":{"start":{"line":17,"column":0},"end":{"line":17,"column":33}},"17":{"start":{"line":18,"column":0},"end":{"line":18,"column":37}},"19":{"start":{"line":20,"column":0},"end":{"line":20,"column":44}},"20":{"start":{"line":21,"column":0},"end":{"line":21,"column":42}},"21":{"start":{"line":22,"column":0},"end":{"line":22,"column":15}},"22":{"start":{"line":23,"column":0},"end":{"line":23,"column":12}},"24":{"start":{"line":25,"column":0},"end":{"line":25,"column":1}},"26":{"start":{"line":27,"column":0},"end":{"line":27,"column":27}}},"s":{"0":1,"1":1,"3":4,"4":4,"6":4,"7":0,"8":0,"10":4,"11":4,"12":4,"13":4,"14":4,"15":4,"16":4,"17":4,"19":4,"20":4,"21":4,"22":4,"24":4,"26":1},"branchMap":{"0":{"type":"branch","line":4,"loc":{"start":{"line":4,"column":0},"end":{"line":25,"column":1}},"locations":[{"start":{"line":4,"column":0},"end":{"line":25,"column":1}}]}},"b":{"0":[4]},"fnMap":{"0":{"name":"SelectTheme","decl":{"start":{"line":4,"column":0},"end":{"line":25,"column":1}},"loc":{"start":{"line":4,"column":0},"end":{"line":25,"column":1}},"line":4},"1":{"name":"switchingTheme","decl":{"start":{"line":7,"column":25},"end":{"line":9,"column":4}},"loc":{"start":{"line":7,"column":25},"end":{"line":9,"column":4}},"line":7}},"f":{"0":4,"1":0}}
,"D:\\000-react\\react-task-1\\src\\topComponents\\TopSection.tsx": {"path":"D:\\000-react\\react-task-1\\src\\topComponents\\TopSection.tsx","all":false,"statementMap":{"0":{"start":{"line":1,"column":0},"end":{"line":1,"column":36}},"1":{"start":{"line":2,"column":0},"end":{"line":2,"column":48}},"2":{"start":{"line":3,"column":0},"end":{"line":3,"column":27}},"3":{"start":{"line":4,"column":0},"end":{"line":4,"column":72}},"5":{"start":{"line":6,"column":0},"end":{"line":6,"column":40}},"13":{"start":{"line":14,"column":0},"end":{"line":14,"column":21}},"14":{"start":{"line":15,"column":0},"end":{"line":15,"column":16}},"15":{"start":{"line":16,"column":0},"end":{"line":16,"column":10}},"16":{"start":{"line":17,"column":0},"end":{"line":17,"column":14}},"17":{"start":{"line":18,"column":0},"end":{"line":18,"column":35}},"18":{"start":{"line":19,"column":0},"end":{"line":19,"column":10}},"19":{"start":{"line":20,"column":0},"end":{"line":20,"column":33}},"20":{"start":{"line":21,"column":0},"end":{"line":21,"column":34}},"21":{"start":{"line":22,"column":0},"end":{"line":22,"column":36}},"22":{"start":{"line":23,"column":0},"end":{"line":23,"column":10}},"23":{"start":{"line":24,"column":0},"end":{"line":24,"column":60}},"24":{"start":{"line":25,"column":0},"end":{"line":25,"column":25}},"25":{"start":{"line":26,"column":0},"end":{"line":26,"column":24}},"27":{"start":{"line":28,"column":0},"end":{"line":28,"column":14}},"28":{"start":{"line":29,"column":0},"end":{"line":29,"column":29}},"29":{"start":{"line":30,"column":0},"end":{"line":30,"column":42}},"30":{"start":{"line":31,"column":0},"end":{"line":31,"column":36}},"31":{"start":{"line":32,"column":0},"end":{"line":32,"column":12}},"32":{"start":{"line":33,"column":0},"end":{"line":33,"column":12}},"33":{"start":{"line":34,"column":0},"end":{"line":34,"column":12}},"34":{"start":{"line":35,"column":0},"end":{"line":35,"column":68}},"35":{"start":{"line":36,"column":0},"end":{"line":36,"column":43}},"36":{"start":{"line":37,"column":0},"end":{"line":37,"column":33}},"37":{"start":{"line":38,"column":0},"end":{"line":38,"column":10}},"39":{"start":{"line":40,"column":0},"end":{"line":40,"column":2}},"41":{"start":{"line":42,"column":0},"end":{"line":42,"column":26}}},"s":{"0":1,"1":1,"2":1,"3":1,"5":1,"13":1,"14":4,"15":4,"16":4,"17":4,"18":4,"19":4,"20":4,"21":4,"22":4,"23":4,"24":4,"25":4,"27":4,"28":4,"29":4,"30":4,"31":4,"32":4,"33":4,"34":4,"35":4,"36":4,"37":4,"39":4,"41":1},"branchMap":{"0":{"type":"branch","line":14,"loc":{"start":{"line":14,"column":19},"end":{"line":40,"column":2}},"locations":[{"start":{"line":14,"column":19},"end":{"line":40,"column":2}}]}},"b":{"0":[4]},"fnMap":{"0":{"name":"TopSection","decl":{"start":{"line":14,"column":19},"end":{"line":40,"column":2}},"loc":{"start":{"line":14,"column":19},"end":{"line":40,"column":2}},"line":14}},"f":{"0":4}}
}
