{
  "D:\\000-react\\react-task-1\\src\\App.tsx": {
    "path": "D:\\000-react\\react-task-1\\src\\App.tsx",
    "all": true,
    "statementMap": {
      "0": {
        "start": { "line": 1, "column": 0 },
        "end": { "line": 1, "column": 33 }
      },
      "1": {
        "start": { "line": 2, "column": 0 },
        "end": { "line": 2, "column": 23 }
      },
      "2": {
        "start": { "line": 3, "column": 0 },
        "end": { "line": 3, "column": 52 }
      },
      "3": {
        "start": { "line": 4, "column": 0 },
        "end": { "line": 4, "column": 55 }
      },
      "4": {
        "start": { "line": 5, "column": 0 },
        "end": { "line": 5, "column": 44 }
      },
      "5": {
        "start": { "line": 6, "column": 0 },
        "end": { "line": 6, "column": 48 }
      },
      "7": {
        "start": { "line": 8, "column": 0 },
        "end": { "line": 8, "column": 19 }
      },
      "8": {
        "start": { "line": 9, "column": 0 },
        "end": { "line": 9, "column": 57 }
      },
      "9": {
        "start": { "line": 10, "column": 0 },
        "end": { "line": 10, "column": 63 }
      },
      "10": {
        "start": { "line": 11, "column": 0 },
        "end": { "line": 11, "column": 62 }
      },
      "11": {
        "start": { "line": 12, "column": 0 },
        "end": { "line": 12, "column": 33 }
      },
      "12": {
        "start": { "line": 13, "column": 0 },
        "end": { "line": 13, "column": 64 }
      },
      "14": {
        "start": { "line": 15, "column": 0 },
        "end": { "line": 15, "column": 48 }
      },
      "15": {
        "start": { "line": 16, "column": 0 },
        "end": { "line": 16, "column": 26 }
      },
      "16": {
        "start": { "line": 17, "column": 0 },
        "end": { "line": 17, "column": 4 }
      },
      "18": {
        "start": { "line": 19, "column": 0 },
        "end": { "line": 19, "column": 35 }
      },
      "19": {
        "start": { "line": 20, "column": 0 },
        "end": { "line": 20, "column": 36 }
      },
      "20": {
        "start": { "line": 21, "column": 0 },
        "end": { "line": 21, "column": 62 }
      },
      "21": {
        "start": { "line": 22, "column": 0 },
        "end": { "line": 22, "column": 25 }
      },
      "22": {
        "start": { "line": 23, "column": 0 },
        "end": { "line": 23, "column": 20 }
      },
      "23": {
        "start": { "line": 24, "column": 0 },
        "end": { "line": 24, "column": 39 }
      },
      "24": {
        "start": { "line": 25, "column": 0 },
        "end": { "line": 25, "column": 6 }
      },
      "25": {
        "start": { "line": 26, "column": 0 },
        "end": { "line": 26, "column": 65 }
      },
      "26": {
        "start": { "line": 27, "column": 0 },
        "end": { "line": 27, "column": 4 }
      },
      "28": {
        "start": { "line": 29, "column": 0 },
        "end": { "line": 29, "column": 10 }
      },
      "29": {
        "start": { "line": 30, "column": 0 },
        "end": { "line": 30, "column": 19 }
      },
      "30": {
        "start": { "line": 31, "column": 0 },
        "end": { "line": 31, "column": 17 }
      },
      "31": {
        "start": { "line": 32, "column": 0 },
        "end": { "line": 32, "column": 41 }
      },
      "32": {
        "start": { "line": 33, "column": 0 },
        "end": { "line": 33, "column": 41 }
      },
      "33": {
        "start": { "line": 34, "column": 0 },
        "end": { "line": 34, "column": 33 }
      },
      "34": {
        "start": { "line": 35, "column": 0 },
        "end": { "line": 35, "column": 8 }
      },
      "35": {
        "start": { "line": 36, "column": 0 },
        "end": { "line": 36, "column": 56 }
      },
      "36": {
        "start": { "line": 37, "column": 0 },
        "end": { "line": 37, "column": 16 }
      },
      "37": {
        "start": { "line": 38, "column": 0 },
        "end": { "line": 38, "column": 20 }
      },
      "39": {
        "start": { "line": 40, "column": 0 },
        "end": { "line": 40, "column": 2 }
      },
      "41": {
        "start": { "line": 42, "column": 0 },
        "end": { "line": 42, "column": 19 }
      }
    },
    "s": {
      "0": 0,
      "1": 0,
      "2": 0,
      "3": 0,
      "4": 0,
      "5": 0,
      "7": 0,
      "8": 0,
      "9": 0,
      "10": 0,
      "11": 0,
      "12": 0,
      "14": 0,
      "15": 0,
      "16": 0,
      "18": 0,
      "19": 0,
      "20": 0,
      "21": 0,
      "22": 0,
      "23": 0,
      "24": 0,
      "25": 0,
      "26": 0,
      "28": 0,
      "29": 0,
      "30": 0,
      "31": 0,
      "32": 0,
      "33": 0,
      "34": 0,
      "35": 0,
      "36": 0,
      "37": 0,
      "39": 0,
      "41": 0
    },
    "branchMap": {
      "0": {
        "type": "branch",
        "line": 1,
        "loc": {
          "start": { "line": 1, "column": 988 },
          "end": { "line": 42, "column": -554 }
        },
        "locations": [
          {
            "start": { "line": 1, "column": 988 },
            "end": { "line": 42, "column": -554 }
          }
        ]
      }
    },
    "b": { "0": [0] },
    "fnMap": {
      "0": {
        "name": "(empty-report)",
        "decl": {
          "start": { "line": 1, "column": 988 },
          "end": { "line": 42, "column": -554 }
        },
        "loc": {
          "start": { "line": 1, "column": 988 },
          "end": { "line": 42, "column": -554 }
        },
        "line": 1
      }
    },
    "f": { "0": 0 }
  },
  "D:\\000-react\\react-task-1\\src\\ErrorBoundary.tsx": {
    "path": "D:\\000-react\\react-task-1\\src\\ErrorBoundary.tsx",
    "all": true,
    "statementMap": {
      "0": {
        "start": { "line": 1, "column": 0 },
        "end": { "line": 1, "column": 56 }
      },
      "10": {
        "start": { "line": 11, "column": 0 },
        "end": { "line": 11, "column": 79 }
      },
      "11": {
        "start": { "line": 12, "column": 0 },
        "end": { "line": 12, "column": 42 }
      },
      "12": {
        "start": { "line": 13, "column": 0 },
        "end": { "line": 13, "column": 17 }
      },
      "13": {
        "start": { "line": 14, "column": 0 },
        "end": { "line": 14, "column": 37 }
      },
      "14": {
        "start": { "line": 15, "column": 0 },
        "end": { "line": 15, "column": 3 }
      },
      "16": {
        "start": { "line": 17, "column": 0 },
        "end": { "line": 17, "column": 49 }
      },
      "17": {
        "start": { "line": 18, "column": 0 },
        "end": { "line": 18, "column": 43 }
      },
      "18": {
        "start": { "line": 19, "column": 0 },
        "end": { "line": 19, "column": 30 }
      },
      "19": {
        "start": { "line": 20, "column": 0 },
        "end": { "line": 20, "column": 3 }
      },
      "21": {
        "start": { "line": 22, "column": 0 },
        "end": { "line": 22, "column": 57 }
      },
      "22": {
        "start": { "line": 23, "column": 0 },
        "end": { "line": 23, "column": 41 }
      },
      "23": {
        "start": { "line": 24, "column": 0 },
        "end": { "line": 24, "column": 64 }
      },
      "24": {
        "start": { "line": 25, "column": 0 },
        "end": { "line": 25, "column": 3 }
      },
      "26": {
        "start": { "line": 27, "column": 0 },
        "end": { "line": 27, "column": 12 }
      },
      "27": {
        "start": { "line": 28, "column": 0 },
        "end": { "line": 28, "column": 30 }
      },
      "28": {
        "start": { "line": 29, "column": 0 },
        "end": { "line": 29, "column": 43 }
      },
      "29": {
        "start": { "line": 30, "column": 0 },
        "end": { "line": 30, "column": 5 }
      },
      "30": {
        "start": { "line": 31, "column": 0 },
        "end": { "line": 31, "column": 31 }
      },
      "31": {
        "start": { "line": 32, "column": 0 },
        "end": { "line": 32, "column": 3 }
      },
      "32": {
        "start": { "line": 33, "column": 0 },
        "end": { "line": 33, "column": 1 }
      },
      "34": {
        "start": { "line": 35, "column": 0 },
        "end": { "line": 35, "column": 29 }
      }
    },
    "s": {
      "0": 0,
      "10": 0,
      "11": 0,
      "12": 0,
      "13": 0,
      "14": 0,
      "16": 0,
      "17": 0,
      "18": 0,
      "19": 0,
      "21": 0,
      "22": 0,
      "23": 0,
      "24": 0,
      "26": 0,
      "27": 0,
      "28": 0,
      "29": 0,
      "30": 0,
      "31": 0,
      "32": 0,
      "34": 0
    },
    "branchMap": {
      "0": {
        "type": "branch",
        "line": 1,
        "loc": {
          "start": { "line": 1, "column": 711 },
          "end": { "line": 35, "column": -75 }
        },
        "locations": [
          {
            "start": { "line": 1, "column": 711 },
            "end": { "line": 35, "column": -75 }
          }
        ]
      }
    },
    "b": { "0": [0] },
    "fnMap": {
      "0": {
        "name": "(empty-report)",
        "decl": {
          "start": { "line": 1, "column": 711 },
          "end": { "line": 35, "column": -75 }
        },
        "loc": {
          "start": { "line": 1, "column": 711 },
          "end": { "line": 35, "column": -75 }
        },
        "line": 1
      }
    },
    "f": { "0": 0 }
  },
  "D:\\000-react\\react-task-1\\src\\ErrorPage.tsx": {
    "path": "D:\\000-react\\react-task-1\\src\\ErrorPage.tsx",
    "all": true,
    "statementMap": {
      "1": {
        "start": { "line": 2, "column": 0 },
        "end": { "line": 2, "column": 49 }
      },
      "3": {
        "start": { "line": 4, "column": 0 },
        "end": { "line": 4, "column": 37 }
      },
      "4": {
        "start": { "line": 5, "column": 0 },
        "end": { "line": 5, "column": 32 }
      },
      "5": {
        "start": { "line": 6, "column": 0 },
        "end": { "line": 6, "column": 23 }
      },
      "7": {
        "start": { "line": 8, "column": 0 },
        "end": { "line": 8, "column": 10 }
      },
      "8": {
        "start": { "line": 9, "column": 0 },
        "end": { "line": 9, "column": 25 }
      },
      "9": {
        "start": { "line": 10, "column": 0 },
        "end": { "line": 10, "column": 20 }
      },
      "10": {
        "start": { "line": 11, "column": 0 },
        "end": { "line": 11, "column": 53 }
      },
      "11": {
        "start": { "line": 12, "column": 0 },
        "end": { "line": 12, "column": 10 }
      },
      "13": {
        "start": { "line": 14, "column": 0 },
        "end": { "line": 14, "column": 1 }
      }
    },
    "s": {
      "1": 0,
      "3": 0,
      "4": 0,
      "5": 0,
      "7": 0,
      "8": 0,
      "9": 0,
      "10": 0,
      "11": 0,
      "13": 0
    },
    "branchMap": {
      "0": {
        "type": "branch",
        "line": 1,
        "loc": {
          "start": { "line": 1, "column": 220 },
          "end": { "line": 14, "column": -154 }
        },
        "locations": [
          {
            "start": { "line": 1, "column": 220 },
            "end": { "line": 14, "column": -154 }
          }
        ]
      }
    },
    "b": { "0": [1] },
    "fnMap": {
      "0": {
        "name": "(empty-report)",
        "decl": {
          "start": { "line": 1, "column": 220 },
          "end": { "line": 14, "column": -154 }
        },
        "loc": {
          "start": { "line": 1, "column": 220 },
          "end": { "line": 14, "column": -154 }
        },
        "line": 1
      }
    },
    "f": { "0": 1 }
  },
  "D:\\000-react\\react-task-1\\src\\RoutesComponent.tsx": {
    "path": "D:\\000-react\\react-task-1\\src\\RoutesComponent.tsx",
    "all": true,
    "statementMap": {
      "0": {
        "start": { "line": 1, "column": 0 },
        "end": { "line": 1, "column": 55 }
      },
      "1": {
        "start": { "line": 2, "column": 0 },
        "end": { "line": 2, "column": 24 }
      },
      "2": {
        "start": { "line": 3, "column": 0 },
        "end": { "line": 3, "column": 36 }
      },
      "3": {
        "start": { "line": 4, "column": 0 },
        "end": { "line": 4, "column": 48 }
      },
      "5": {
        "start": { "line": 6, "column": 0 },
        "end": { "line": 6, "column": 31 }
      },
      "6": {
        "start": { "line": 7, "column": 0 },
        "end": { "line": 7, "column": 10 }
      },
      "7": {
        "start": { "line": 8, "column": 0 },
        "end": { "line": 8, "column": 39 }
      },
      "8": {
        "start": { "line": 9, "column": 0 },
        "end": { "line": 9, "column": 55 }
      },
      "9": {
        "start": { "line": 10, "column": 0 },
        "end": { "line": 10, "column": 10 }
      },
      "11": {
        "start": { "line": 12, "column": 0 },
        "end": { "line": 12, "column": 2 }
      },
      "13": {
        "start": { "line": 14, "column": 0 },
        "end": { "line": 14, "column": 30 }
      },
      "14": {
        "start": { "line": 15, "column": 0 },
        "end": { "line": 15, "column": 10 }
      },
      "15": {
        "start": { "line": 16, "column": 0 },
        "end": { "line": 16, "column": 27 }
      },
      "16": {
        "start": { "line": 17, "column": 0 },
        "end": { "line": 17, "column": 20 }
      },
      "17": {
        "start": { "line": 18, "column": 0 },
        "end": { "line": 18, "column": 31 }
      },
      "18": {
        "start": { "line": 19, "column": 0 },
        "end": { "line": 19, "column": 25 }
      },
      "19": {
        "start": { "line": 20, "column": 0 },
        "end": { "line": 20, "column": 10 }
      },
      "21": {
        "start": { "line": 22, "column": 0 },
        "end": { "line": 22, "column": 2 }
      },
      "23": {
        "start": { "line": 24, "column": 0 },
        "end": { "line": 24, "column": 45 }
      },
      "24": {
        "start": { "line": 25, "column": 0 },
        "end": { "line": 25, "column": 3 }
      },
      "25": {
        "start": { "line": 26, "column": 0 },
        "end": { "line": 26, "column": 14 }
      },
      "26": {
        "start": { "line": 27, "column": 0 },
        "end": { "line": 27, "column": 21 }
      },
      "27": {
        "start": { "line": 28, "column": 0 },
        "end": { "line": 28, "column": 32 }
      },
      "28": {
        "start": { "line": 29, "column": 0 },
        "end": { "line": 29, "column": 15 }
      },
      "29": {
        "start": { "line": 30, "column": 0 },
        "end": { "line": 30, "column": 7 }
      },
      "30": {
        "start": { "line": 31, "column": 0 },
        "end": { "line": 31, "column": 23 }
      },
      "31": {
        "start": { "line": 32, "column": 0 },
        "end": { "line": 32, "column": 37 }
      },
      "32": {
        "start": { "line": 33, "column": 0 },
        "end": { "line": 33, "column": 19 }
      },
      "33": {
        "start": { "line": 34, "column": 0 },
        "end": { "line": 34, "column": 11 }
      },
      "34": {
        "start": { "line": 35, "column": 0 },
        "end": { "line": 35, "column": 92 }
      },
      "35": {
        "start": { "line": 36, "column": 0 },
        "end": { "line": 36, "column": 41 }
      },
      "36": {
        "start": { "line": 37, "column": 0 },
        "end": { "line": 37, "column": 12 }
      },
      "41": {
        "start": { "line": 42, "column": 0 },
        "end": { "line": 42, "column": 10 }
      },
      "42": {
        "start": { "line": 43, "column": 0 },
        "end": { "line": 43, "column": 8 }
      },
      "43": {
        "start": { "line": 44, "column": 0 },
        "end": { "line": 44, "column": 7 }
      },
      "44": {
        "start": { "line": 45, "column": 0 },
        "end": { "line": 45, "column": 23 }
      },
      "45": {
        "start": { "line": 46, "column": 0 },
        "end": { "line": 46, "column": 37 }
      },
      "46": {
        "start": { "line": 47, "column": 0 },
        "end": { "line": 47, "column": 8 }
      },
      "47": {
        "start": { "line": 48, "column": 0 },
        "end": { "line": 48, "column": 7 }
      },
      "48": {
        "start": { "line": 49, "column": 0 },
        "end": { "line": 49, "column": 22 }
      },
      "49": {
        "start": { "line": 50, "column": 0 },
        "end": { "line": 50, "column": 36 }
      },
      "50": {
        "start": { "line": 51, "column": 0 },
        "end": { "line": 51, "column": 8 }
      },
      "51": {
        "start": { "line": 52, "column": 0 },
        "end": { "line": 52, "column": 6 }
      },
      "52": {
        "start": { "line": 53, "column": 0 },
        "end": { "line": 53, "column": 4 }
      },
      "53": {
        "start": { "line": 54, "column": 0 },
        "end": { "line": 54, "column": 3 }
      },
      "55": {
        "start": { "line": 56, "column": 0 },
        "end": { "line": 56, "column": 31 }
      }
    },
    "s": {
      "0": 0,
      "1": 0,
      "2": 0,
      "3": 0,
      "5": 0,
      "6": 0,
      "7": 0,
      "8": 0,
      "9": 0,
      "11": 0,
      "13": 0,
      "14": 0,
      "15": 0,
      "16": 0,
      "17": 0,
      "18": 0,
      "19": 0,
      "21": 0,
      "23": 0,
      "24": 0,
      "25": 0,
      "26": 0,
      "27": 0,
      "28": 0,
      "29": 0,
      "30": 0,
      "31": 0,
      "32": 0,
      "33": 0,
      "34": 0,
      "35": 0,
      "36": 0,
      "41": 0,
      "42": 0,
      "43": 0,
      "44": 0,
      "45": 0,
      "46": 0,
      "47": 0,
      "48": 0,
      "49": 0,
      "50": 0,
      "51": 0,
      "52": 0,
      "53": 0,
      "55": 0
    },
    "branchMap": {
      "0": {
        "type": "branch",
        "line": 1,
        "loc": {
          "start": { "line": 1, "column": 257 },
          "end": { "line": 56, "column": -784 }
        },
        "locations": [
          {
            "start": { "line": 1, "column": 257 },
            "end": { "line": 56, "column": -784 }
          }
        ]
      }
    },
    "b": { "0": [0] },
    "fnMap": {
      "0": {
        "name": "(empty-report)",
        "decl": {
          "start": { "line": 1, "column": 257 },
          "end": { "line": 56, "column": -784 }
        },
        "loc": {
          "start": { "line": 1, "column": 257 },
          "end": { "line": 56, "column": -784 }
        },
        "line": 1
      }
    },
    "f": { "0": 0 }
  },
  "D:\\000-react\\react-task-1\\src\\SearchContainer.tsx": {
    "path": "D:\\000-react\\react-task-1\\src\\SearchContainer.tsx",
    "all": true,
    "statementMap": {
      "0": {
        "start": { "line": 1, "column": 0 },
        "end": { "line": 1, "column": 44 }
      },
      "1": {
        "start": { "line": 2, "column": 0 },
        "end": { "line": 2, "column": 47 }
      },
      "2": {
        "start": { "line": 3, "column": 0 },
        "end": { "line": 3, "column": 54 }
      },
      "3": {
        "start": { "line": 4, "column": 0 },
        "end": { "line": 4, "column": 38 }
      },
      "4": {
        "start": { "line": 5, "column": 0 },
        "end": { "line": 5, "column": 38 }
      },
      "5": {
        "start": { "line": 6, "column": 0 },
        "end": { "line": 6, "column": 60 }
      },
      "6": {
        "start": { "line": 7, "column": 0 },
        "end": { "line": 7, "column": 48 }
      },
      "8": {
        "start": { "line": 9, "column": 0 },
        "end": { "line": 9, "column": 31 }
      },
      "9": {
        "start": { "line": 10, "column": 0 },
        "end": { "line": 10, "column": 33 }
      },
      "10": {
        "start": { "line": 11, "column": 0 },
        "end": { "line": 11, "column": 60 }
      },
      "12": {
        "start": { "line": 13, "column": 0 },
        "end": { "line": 13, "column": 57 }
      },
      "13": {
        "start": { "line": 14, "column": 0 },
        "end": { "line": 14, "column": 63 }
      },
      "14": {
        "start": { "line": 15, "column": 0 },
        "end": { "line": 15, "column": 45 }
      },
      "15": {
        "start": { "line": 16, "column": 0 },
        "end": { "line": 16, "column": 63 }
      },
      "17": {
        "start": { "line": 18, "column": 0 },
        "end": { "line": 18, "column": 63 }
      },
      "18": {
        "start": { "line": 19, "column": 0 },
        "end": { "line": 19, "column": 57 }
      },
      "20": {
        "start": { "line": 21, "column": 0 },
        "end": { "line": 21, "column": 61 }
      },
      "21": {
        "start": { "line": 22, "column": 0 },
        "end": { "line": 22, "column": 31 }
      },
      "22": {
        "start": { "line": 23, "column": 0 },
        "end": { "line": 23, "column": 27 }
      },
      "23": {
        "start": { "line": 24, "column": 0 },
        "end": { "line": 24, "column": 15 }
      },
      "24": {
        "start": { "line": 25, "column": 0 },
        "end": { "line": 25, "column": 5 }
      },
      "26": {
        "start": { "line": 27, "column": 0 },
        "end": { "line": 27, "column": 19 }
      },
      "27": {
        "start": { "line": 28, "column": 0 },
        "end": { "line": 28, "column": 25 }
      },
      "28": {
        "start": { "line": 29, "column": 0 },
        "end": { "line": 29, "column": 30 }
      },
      "30": {
        "start": { "line": 31, "column": 0 },
        "end": { "line": 31, "column": 10 }
      },
      "31": {
        "start": { "line": 32, "column": 0 },
        "end": { "line": 32, "column": 9 }
      },
      "32": {
        "start": { "line": 33, "column": 0 },
        "end": { "line": 33, "column": 19 }
      },
      "33": {
        "start": { "line": 34, "column": 0 },
        "end": { "line": 34, "column": 40 }
      },
      "34": {
        "start": { "line": 35, "column": 0 },
        "end": { "line": 35, "column": 14 }
      },
      "35": {
        "start": { "line": 36, "column": 0 },
        "end": { "line": 36, "column": 29 }
      },
      "36": {
        "start": { "line": 37, "column": 0 },
        "end": { "line": 37, "column": 43 }
      },
      "37": {
        "start": { "line": 38, "column": 0 },
        "end": { "line": 38, "column": 35 }
      },
      "38": {
        "start": { "line": 39, "column": 0 },
        "end": { "line": 39, "column": 12 }
      },
      "39": {
        "start": { "line": 40, "column": 0 },
        "end": { "line": 40, "column": 14 }
      },
      "42": {
        "start": { "line": 43, "column": 0 },
        "end": { "line": 43, "column": 57 }
      },
      "43": {
        "start": { "line": 44, "column": 0 },
        "end": { "line": 44, "column": 35 }
      },
      "44": {
        "start": { "line": 45, "column": 0 },
        "end": { "line": 45, "column": 41 }
      },
      "45": {
        "start": { "line": 46, "column": 0 },
        "end": { "line": 46, "column": 30 }
      },
      "47": {
        "start": { "line": 48, "column": 0 },
        "end": { "line": 48, "column": 14 }
      },
      "48": {
        "start": { "line": 49, "column": 0 },
        "end": { "line": 49, "column": 14 }
      },
      "50": {
        "start": { "line": 51, "column": 0 },
        "end": { "line": 51, "column": 10 }
      },
      "51": {
        "start": { "line": 52, "column": 0 },
        "end": { "line": 52, "column": 22 }
      },
      "52": {
        "start": { "line": 53, "column": 0 },
        "end": { "line": 53, "column": 37 }
      },
      "53": {
        "start": { "line": 54, "column": 0 },
        "end": { "line": 54, "column": 37 }
      },
      "54": {
        "start": { "line": 55, "column": 0 },
        "end": { "line": 55, "column": 61 }
      },
      "55": {
        "start": { "line": 56, "column": 0 },
        "end": { "line": 56, "column": 12 }
      },
      "56": {
        "start": { "line": 57, "column": 0 },
        "end": { "line": 57, "column": 36 }
      },
      "57": {
        "start": { "line": 58, "column": 0 },
        "end": { "line": 58, "column": 11 }
      },
      "59": {
        "start": { "line": 60, "column": 0 },
        "end": { "line": 60, "column": 10 }
      },
      "61": {
        "start": { "line": 62, "column": 0 },
        "end": { "line": 62, "column": 2 }
      },
      "63": {
        "start": { "line": 64, "column": 0 },
        "end": { "line": 64, "column": 31 }
      }
    },
    "s": {
      "0": 0,
      "1": 0,
      "2": 0,
      "3": 0,
      "4": 0,
      "5": 0,
      "6": 0,
      "8": 0,
      "9": 0,
      "10": 0,
      "12": 0,
      "13": 0,
      "14": 0,
      "15": 0,
      "17": 0,
      "18": 0,
      "20": 0,
      "21": 0,
      "22": 0,
      "23": 0,
      "24": 0,
      "26": 0,
      "27": 0,
      "28": 0,
      "30": 0,
      "31": 0,
      "32": 0,
      "33": 0,
      "34": 0,
      "35": 0,
      "36": 0,
      "37": 0,
      "38": 0,
      "39": 0,
      "42": 0,
      "43": 0,
      "44": 0,
      "45": 0,
      "47": 0,
      "48": 0,
      "50": 0,
      "51": 0,
      "52": 0,
      "53": 0,
      "54": 0,
      "55": 0,
      "56": 0,
      "57": 0,
      "59": 0,
      "61": 0,
      "63": 0
    },
    "branchMap": {
      "0": {
        "type": "branch",
        "line": 1,
        "loc": {
          "start": { "line": 1, "column": 1136 },
          "end": { "line": 64, "column": -732 }
        },
        "locations": [
          {
            "start": { "line": 1, "column": 1136 },
            "end": { "line": 64, "column": -732 }
          }
        ]
      }
    },
    "b": { "0": [0] },
    "fnMap": {
      "0": {
        "name": "(empty-report)",
        "decl": {
          "start": { "line": 1, "column": 1136 },
          "end": { "line": 64, "column": -732 }
        },
        "loc": {
          "start": { "line": 1, "column": 1136 },
          "end": { "line": 64, "column": -732 }
        },
        "line": 1
      }
    },
    "f": { "0": 0 }
  },
  "D:\\000-react\\react-task-1\\src\\ShowRezult.tsx": {
    "path": "D:\\000-react\\react-task-1\\src\\ShowRezult.tsx",
    "all": true,
    "statementMap": {
      "0": {
        "start": { "line": 1, "column": 0 },
        "end": { "line": 1, "column": 54 }
      },
      "7": {
        "start": { "line": 8, "column": 0 },
        "end": { "line": 8, "column": 52 }
      },
      "8": {
        "start": { "line": 9, "column": 0 },
        "end": { "line": 9, "column": 79 }
      },
      "10": {
        "start": { "line": 11, "column": 0 },
        "end": { "line": 11, "column": 68 }
      },
      "11": {
        "start": { "line": 12, "column": 0 },
        "end": { "line": 12, "column": 2 }
      },
      "13": {
        "start": { "line": 14, "column": 0 },
        "end": { "line": 14, "column": 26 }
      }
    },
    "s": { "0": 0, "7": 0, "8": 0, "10": 0, "11": 0, "13": 0 },
    "branchMap": {
      "0": {
        "type": "branch",
        "line": 1,
        "loc": {
          "start": { "line": 1, "column": 325 },
          "end": { "line": 14, "column": -51 }
        },
        "locations": [
          {
            "start": { "line": 1, "column": 325 },
            "end": { "line": 14, "column": -51 }
          }
        ]
      }
    },
    "b": { "0": [0] },
    "fnMap": {
      "0": {
        "name": "(empty-report)",
        "decl": {
          "start": { "line": 1, "column": 325 },
          "end": { "line": 14, "column": -51 }
        },
        "loc": {
          "start": { "line": 1, "column": 325 },
          "end": { "line": 14, "column": -51 }
        },
        "line": 1
      }
    },
    "f": { "0": 0 }
  },
  "D:\\000-react\\react-task-1\\src\\main.tsx": {
    "path": "D:\\000-react\\react-task-1\\src\\main.tsx",
    "all": true,
    "statementMap": {
      "0": {
        "start": { "line": 1, "column": 0 },
        "end": { "line": 1, "column": 35 }
      },
      "1": {
        "start": { "line": 2, "column": 0 },
        "end": { "line": 2, "column": 46 }
      },
      "2": {
        "start": { "line": 3, "column": 0 },
        "end": { "line": 3, "column": 46 }
      },
      "3": {
        "start": { "line": 4, "column": 0 },
        "end": { "line": 4, "column": 48 }
      },
      "4": {
        "start": { "line": 5, "column": 0 },
        "end": { "line": 5, "column": 25 }
      },
      "6": {
        "start": { "line": 7, "column": 0 },
        "end": { "line": 7, "column": 52 }
      },
      "7": {
        "start": { "line": 8, "column": 0 },
        "end": { "line": 8, "column": 14 }
      },
      "8": {
        "start": { "line": 9, "column": 0 },
        "end": { "line": 9, "column": 47 }
      },
      "9": {
        "start": { "line": 10, "column": 0 },
        "end": { "line": 10, "column": 15 }
      },
      "10": {
        "start": { "line": 11, "column": 0 },
        "end": { "line": 11, "column": 2 }
      }
    },
    "s": {
      "0": 0,
      "1": 0,
      "2": 0,
      "3": 0,
      "4": 0,
      "6": 0,
      "7": 0,
      "8": 0,
      "9": 0,
      "10": 0
    },
    "branchMap": {
      "0": {
        "type": "branch",
        "line": 1,
        "loc": {
          "start": { "line": 1, "column": 278 },
          "end": { "line": 11, "column": -209 }
        },
        "locations": [
          {
            "start": { "line": 1, "column": 278 },
            "end": { "line": 11, "column": -209 }
          }
        ]
      }
    },
    "b": { "0": [0] },
    "fnMap": {
      "0": {
        "name": "(empty-report)",
        "decl": {
          "start": { "line": 1, "column": 278 },
          "end": { "line": 11, "column": -209 }
        },
        "loc": {
          "start": { "line": 1, "column": 278 },
          "end": { "line": 11, "column": -209 }
        },
        "line": 1
      }
    },
    "f": { "0": 0 }
  },
  "D:\\000-react\\react-task-1\\src\\useLocalStorage.tsx": {
    "path": "D:\\000-react\\react-task-1\\src\\useLocalStorage.tsx",
    "all": true,
    "statementMap": {
      "8": {
        "start": { "line": 9, "column": 0 },
        "end": { "line": 9, "column": 48 }
      },
      "9": {
        "start": { "line": 10, "column": 0 },
        "end": { "line": 10, "column": 65 }
      },
      "10": {
        "start": { "line": 11, "column": 0 },
        "end": { "line": 11, "column": 70 }
      },
      "11": {
        "start": { "line": 12, "column": 0 },
        "end": { "line": 12, "column": 54 }
      },
      "13": {
        "start": { "line": 14, "column": 0 },
        "end": { "line": 14, "column": 71 }
      },
      "14": {
        "start": { "line": 15, "column": 0 },
        "end": { "line": 15, "column": 53 }
      },
      "15": {
        "start": { "line": 16, "column": 0 },
        "end": { "line": 16, "column": 53 }
      },
      "17": {
        "start": { "line": 18, "column": 0 },
        "end": { "line": 18, "column": 37 }
      },
      "18": {
        "start": { "line": 19, "column": 0 },
        "end": { "line": 19, "column": 2 }
      },
      "20": {
        "start": { "line": 21, "column": 0 },
        "end": { "line": 21, "column": 31 }
      }
    },
    "s": {
      "8": 0,
      "9": 0,
      "10": 0,
      "11": 0,
      "13": 0,
      "14": 0,
      "15": 0,
      "17": 0,
      "18": 0,
      "20": 0
    },
    "branchMap": {
      "0": {
        "type": "branch",
        "line": 1,
        "loc": {
          "start": { "line": 1, "column": 1800 },
          "end": { "line": 56, "column": 34 }
        },
        "locations": [
          {
            "start": { "line": 1, "column": 1800 },
            "end": { "line": 56, "column": 34 }
          }
        ]
      }
    },
    "b": { "0": [1] },
    "fnMap": {
      "0": {
        "name": "(empty-report)",
        "decl": {
          "start": { "line": 1, "column": 1800 },
          "end": { "line": 56, "column": 34 }
        },
        "loc": {
          "start": { "line": 1, "column": 1800 },
          "end": { "line": 56, "column": 34 }
        },
        "line": 1
      }
    },
    "f": { "0": 1 }
  },
  "D:\\000-react\\react-task-1\\src\\useMyFetch.tsx": {
    "path": "D:\\000-react\\react-task-1\\src\\useMyFetch.tsx",
    "all": true,
    "statementMap": {
      "0": {
        "start": { "line": 1, "column": 0 },
        "end": { "line": 1, "column": 44 }
      },
      "17": {
        "start": { "line": 18, "column": 0 },
        "end": { "line": 18, "column": 59 }
      },
      "19": {
        "start": { "line": 20, "column": 0 },
        "end": { "line": 20, "column": 21 }
      },
      "20": {
        "start": { "line": 21, "column": 0 },
        "end": { "line": 21, "column": 16 }
      },
      "21": {
        "start": { "line": 22, "column": 0 },
        "end": { "line": 22, "column": 12 }
      },
      "22": {
        "start": { "line": 23, "column": 0 },
        "end": { "line": 23, "column": 13 }
      },
      "24": {
        "start": { "line": 25, "column": 0 },
        "end": { "line": 25, "column": 40 }
      },
      "25": {
        "start": { "line": 26, "column": 0 },
        "end": { "line": 26, "column": 65 }
      },
      "26": {
        "start": { "line": 27, "column": 0 },
        "end": { "line": 27, "column": 47 }
      },
      "27": {
        "start": { "line": 28, "column": 0 },
        "end": { "line": 28, "column": 58 }
      },
      "28": {
        "start": { "line": 29, "column": 0 },
        "end": { "line": 29, "column": 63 }
      },
      "30": {
        "start": { "line": 31, "column": 0 },
        "end": { "line": 31, "column": 52 }
      },
      "31": {
        "start": { "line": 32, "column": 0 },
        "end": { "line": 32, "column": 45 }
      },
      "32": {
        "start": { "line": 33, "column": 0 },
        "end": { "line": 33, "column": 72 }
      },
      "33": {
        "start": { "line": 34, "column": 0 },
        "end": { "line": 34, "column": 4 }
      },
      "35": {
        "start": { "line": 36, "column": 0 },
        "end": { "line": 36, "column": 19 }
      },
      "36": {
        "start": { "line": 37, "column": 0 },
        "end": { "line": 37, "column": 21 }
      },
      "37": {
        "start": { "line": 38, "column": 0 },
        "end": { "line": 38, "column": 18 }
      },
      "38": {
        "start": { "line": 39, "column": 0 },
        "end": { "line": 39, "column": 19 }
      },
      "40": {
        "start": { "line": 41, "column": 0 },
        "end": { "line": 41, "column": 35 }
      },
      "41": {
        "start": { "line": 42, "column": 0 },
        "end": { "line": 42, "column": 59 }
      },
      "43": {
        "start": { "line": 44, "column": 0 },
        "end": { "line": 44, "column": 11 }
      },
      "44": {
        "start": { "line": 45, "column": 0 },
        "end": { "line": 45, "column": 37 }
      },
      "45": {
        "start": { "line": 46, "column": 0 },
        "end": { "line": 46, "column": 69 }
      },
      "46": {
        "start": { "line": 47, "column": 0 },
        "end": { "line": 47, "column": 10 }
      },
      "47": {
        "start": { "line": 48, "column": 0 },
        "end": { "line": 48, "column": 73 }
      },
      "48": {
        "start": { "line": 49, "column": 0 },
        "end": { "line": 49, "column": 59 }
      },
      "49": {
        "start": { "line": 50, "column": 0 },
        "end": { "line": 50, "column": 35 }
      },
      "50": {
        "start": { "line": 51, "column": 0 },
        "end": { "line": 51, "column": 29 }
      },
      "51": {
        "start": { "line": 52, "column": 0 },
        "end": { "line": 52, "column": 26 }
      },
      "52": {
        "start": { "line": 53, "column": 0 },
        "end": { "line": 53, "column": 43 }
      },
      "53": {
        "start": { "line": 54, "column": 0 },
        "end": { "line": 54, "column": 10 }
      },
      "55": {
        "start": { "line": 56, "column": 0 },
        "end": { "line": 56, "column": 47 }
      },
      "56": {
        "start": { "line": 57, "column": 0 },
        "end": { "line": 57, "column": 21 }
      },
      "57": {
        "start": { "line": 58, "column": 0 },
        "end": { "line": 58, "column": 74 }
      },
      "58": {
        "start": { "line": 59, "column": 0 },
        "end": { "line": 59, "column": 57 }
      },
      "59": {
        "start": { "line": 60, "column": 0 },
        "end": { "line": 60, "column": 16 }
      },
      "60": {
        "start": { "line": 61, "column": 0 },
        "end": { "line": 61, "column": 49 }
      },
      "61": {
        "start": { "line": 62, "column": 0 },
        "end": { "line": 62, "column": 9 }
      },
      "62": {
        "start": { "line": 63, "column": 0 },
        "end": { "line": 63, "column": 17 }
      },
      "63": {
        "start": { "line": 64, "column": 0 },
        "end": { "line": 64, "column": 26 }
      },
      "64": {
        "start": { "line": 65, "column": 0 },
        "end": { "line": 65, "column": 25 }
      },
      "65": {
        "start": { "line": 66, "column": 0 },
        "end": { "line": 66, "column": 7 }
      },
      "66": {
        "start": { "line": 67, "column": 0 },
        "end": { "line": 67, "column": 6 }
      },
      "68": {
        "start": { "line": 69, "column": 0 },
        "end": { "line": 69, "column": 16 }
      },
      "69": {
        "start": { "line": 70, "column": 0 },
        "end": { "line": 70, "column": 45 }
      },
      "71": {
        "start": { "line": 72, "column": 0 },
        "end": { "line": 72, "column": 48 }
      },
      "72": {
        "start": { "line": 73, "column": 0 },
        "end": { "line": 73, "column": 1 }
      },
      "74": {
        "start": { "line": 75, "column": 0 },
        "end": { "line": 75, "column": 26 }
      }
    },
    "s": {
      "0": 0,
      "17": 0,
      "19": 0,
      "20": 0,
      "21": 0,
      "22": 0,
      "24": 0,
      "25": 0,
      "26": 0,
      "27": 0,
      "28": 0,
      "30": 0,
      "31": 0,
      "32": 0,
      "33": 0,
      "35": 0,
      "36": 0,
      "37": 0,
      "38": 0,
      "40": 0,
      "41": 0,
      "43": 0,
      "44": 0,
      "45": 0,
      "46": 0,
      "47": 0,
      "48": 0,
      "49": 0,
      "50": 0,
      "51": 0,
      "52": 0,
      "53": 0,
      "55": 0,
      "56": 0,
      "57": 0,
      "58": 0,
      "59": 0,
      "60": 0,
      "61": 0,
      "62": 0,
      "63": 0,
      "64": 0,
      "65": 0,
      "66": 0,
      "68": 0,
      "69": 0,
      "71": 0,
      "72": 0,
      "74": 0
    },
    "branchMap": {
      "0": {
        "type": "branch",
        "line": 1,
        "loc": {
          "start": { "line": 1, "column": 2127 },
          "end": { "line": 75, "column": 26 }
        },
        "locations": [
          {
            "start": { "line": 1, "column": 2127 },
            "end": { "line": 75, "column": 26 }
          }
        ]
      }
    },
    "b": { "0": [0] },
    "fnMap": {
      "0": {
        "name": "(empty-report)",
        "decl": {
          "start": { "line": 1, "column": 2127 },
          "end": { "line": 75, "column": 26 }
        },
        "loc": {
          "start": { "line": 1, "column": 2127 },
          "end": { "line": 75, "column": 26 }
        },
        "line": 1
      }
    },
    "f": { "0": 0 }
  },
  "D:\\000-react\\react-task-1\\src\\MainComponents\\CardView.tsx": {
    "path": "D:\\000-react\\react-task-1\\src\\MainComponents\\CardView.tsx",
    "all": true,
    "statementMap": {
      "1": {
        "start": { "line": 2, "column": 0 },
        "end": { "line": 2, "column": 26 }
      },
      "11": {
        "start": { "line": 12, "column": 0 },
        "end": { "line": 12, "column": 74 }
      },
      "12": {
        "start": { "line": 13, "column": 0 },
        "end": { "line": 13, "column": 59 }
      },
      "14": {
        "start": { "line": 15, "column": 0 },
        "end": { "line": 15, "column": 28 }
      },
      "16": {
        "start": { "line": 17, "column": 0 },
        "end": { "line": 17, "column": 10 }
      },
      "17": {
        "start": { "line": 18, "column": 0 },
        "end": { "line": 18, "column": 36 }
      },
      "18": {
        "start": { "line": 19, "column": 0 },
        "end": { "line": 19, "column": 45 }
      },
      "19": {
        "start": { "line": 20, "column": 0 },
        "end": { "line": 20, "column": 15 }
      },
      "20": {
        "start": { "line": 21, "column": 0 },
        "end": { "line": 21, "column": 33 }
      },
      "21": {
        "start": { "line": 22, "column": 0 },
        "end": { "line": 22, "column": 43 }
      },
      "22": {
        "start": { "line": 23, "column": 0 },
        "end": { "line": 23, "column": 50 }
      },
      "23": {
        "start": { "line": 24, "column": 0 },
        "end": { "line": 24, "column": 25 }
      },
      "24": {
        "start": { "line": 25, "column": 0 },
        "end": { "line": 25, "column": 16 }
      },
      "25": {
        "start": { "line": 26, "column": 0 },
        "end": { "line": 26, "column": 12 }
      },
      "27": {
        "start": { "line": 28, "column": 0 },
        "end": { "line": 28, "column": 47 }
      },
      "29": {
        "start": { "line": 30, "column": 0 },
        "end": { "line": 30, "column": 23 }
      },
      "30": {
        "start": { "line": 31, "column": 0 },
        "end": { "line": 31, "column": 33 }
      },
      "31": {
        "start": { "line": 32, "column": 0 },
        "end": { "line": 32, "column": 27 }
      },
      "32": {
        "start": { "line": 33, "column": 0 },
        "end": { "line": 33, "column": 13 }
      },
      "33": {
        "start": { "line": 34, "column": 0 },
        "end": { "line": 34, "column": 72 }
      },
      "34": {
        "start": { "line": 35, "column": 0 },
        "end": { "line": 35, "column": 14 }
      },
      "35": {
        "start": { "line": 36, "column": 0 },
        "end": { "line": 36, "column": 13 }
      },
      "36": {
        "start": { "line": 37, "column": 0 },
        "end": { "line": 37, "column": 75 }
      },
      "37": {
        "start": { "line": 38, "column": 0 },
        "end": { "line": 38, "column": 14 }
      },
      "38": {
        "start": { "line": 39, "column": 0 },
        "end": { "line": 39, "column": 13 }
      },
      "39": {
        "start": { "line": 40, "column": 0 },
        "end": { "line": 40, "column": 56 }
      },
      "40": {
        "start": { "line": 41, "column": 0 },
        "end": { "line": 41, "column": 14 }
      },
      "41": {
        "start": { "line": 42, "column": 0 },
        "end": { "line": 42, "column": 13 }
      },
      "42": {
        "start": { "line": 43, "column": 0 },
        "end": { "line": 43, "column": 67 }
      },
      "43": {
        "start": { "line": 44, "column": 0 },
        "end": { "line": 44, "column": 14 }
      },
      "44": {
        "start": { "line": 45, "column": 0 },
        "end": { "line": 45, "column": 13 }
      },
      "45": {
        "start": { "line": 46, "column": 0 },
        "end": { "line": 46, "column": 77 }
      },
      "46": {
        "start": { "line": 47, "column": 0 },
        "end": { "line": 47, "column": 14 }
      },
      "47": {
        "start": { "line": 48, "column": 0 },
        "end": { "line": 48, "column": 13 }
      },
      "48": {
        "start": { "line": 49, "column": 0 },
        "end": { "line": 49, "column": 54 }
      },
      "49": {
        "start": { "line": 50, "column": 0 },
        "end": { "line": 50, "column": 49 }
      },
      "50": {
        "start": { "line": 51, "column": 0 },
        "end": { "line": 51, "column": 14 }
      },
      "51": {
        "start": { "line": 52, "column": 0 },
        "end": { "line": 52, "column": 13 }
      },
      "52": {
        "start": { "line": 53, "column": 0 },
        "end": { "line": 53, "column": 69 }
      },
      "53": {
        "start": { "line": 54, "column": 0 },
        "end": { "line": 54, "column": 14 }
      },
      "54": {
        "start": { "line": 55, "column": 0 },
        "end": { "line": 55, "column": 13 }
      },
      "55": {
        "start": { "line": 56, "column": 0 },
        "end": { "line": 56, "column": 69 }
      },
      "56": {
        "start": { "line": 57, "column": 0 },
        "end": { "line": 57, "column": 14 }
      },
      "57": {
        "start": { "line": 58, "column": 0 },
        "end": { "line": 58, "column": 14 }
      },
      "59": {
        "start": { "line": 60, "column": 0 },
        "end": { "line": 60, "column": 10 }
      },
      "61": {
        "start": { "line": 62, "column": 0 },
        "end": { "line": 62, "column": 2 }
      },
      "63": {
        "start": { "line": 64, "column": 0 },
        "end": { "line": 64, "column": 20 }
      }
    },
    "s": {
      "1": 0,
      "11": 0,
      "12": 0,
      "14": 0,
      "16": 0,
      "17": 0,
      "18": 0,
      "19": 0,
      "20": 0,
      "21": 0,
      "22": 0,
      "23": 0,
      "24": 0,
      "25": 0,
      "27": 0,
      "29": 0,
      "30": 0,
      "31": 0,
      "32": 0,
      "33": 0,
      "34": 0,
      "35": 0,
      "36": 0,
      "37": 0,
      "38": 0,
      "39": 0,
      "40": 0,
      "41": 0,
      "42": 0,
      "43": 0,
      "44": 0,
      "45": 0,
      "46": 0,
      "47": 0,
      "48": 0,
      "49": 0,
      "50": 0,
      "51": 0,
      "52": 0,
      "53": 0,
      "54": 0,
      "55": 0,
      "56": 0,
      "57": 0,
      "59": 0,
      "61": 0,
      "63": 0
    },
    "branchMap": {
      "0": {
        "type": "branch",
        "line": 1,
        "loc": {
          "start": { "line": 1, "column": 461 },
          "end": { "line": 64, "column": -839 }
        },
        "locations": [
          {
            "start": { "line": 1, "column": 461 },
            "end": { "line": 64, "column": -839 }
          }
        ]
      }
    },
    "b": { "0": [1] },
    "fnMap": {
      "0": {
        "name": "(empty-report)",
        "decl": {
          "start": { "line": 1, "column": 461 },
          "end": { "line": 64, "column": -839 }
        },
        "loc": {
          "start": { "line": 1, "column": 461 },
          "end": { "line": 64, "column": -839 }
        },
        "line": 1
      }
    },
    "f": { "0": 1 }
  },
  "D:\\000-react\\react-task-1\\src\\MainComponents\\Pagination.tsx": {
    "path": "D:\\000-react\\react-task-1\\src\\MainComponents\\Pagination.tsx",
    "all": true,
    "statementMap": {
      "0": {
        "start": { "line": 1, "column": 0 },
        "end": { "line": 1, "column": 49 }
      },
      "1": {
        "start": { "line": 2, "column": 0 },
        "end": { "line": 2, "column": 51 }
      },
      "2": {
        "start": { "line": 3, "column": 0 },
        "end": { "line": 3, "column": 60 }
      },
      "10": {
        "start": { "line": 11, "column": 0 },
        "end": { "line": 11, "column": 22 }
      },
      "11": {
        "start": { "line": 12, "column": 0 },
        "end": { "line": 12, "column": 14 }
      },
      "12": {
        "start": { "line": 13, "column": 0 },
        "end": { "line": 13, "column": 13 }
      },
      "13": {
        "start": { "line": 14, "column": 0 },
        "end": { "line": 14, "column": 19 }
      },
      "14": {
        "start": { "line": 15, "column": 0 },
        "end": { "line": 15, "column": 25 }
      },
      "15": {
        "start": { "line": 16, "column": 0 },
        "end": { "line": 16, "column": 48 }
      },
      "16": {
        "start": { "line": 17, "column": 0 },
        "end": { "line": 17, "column": 33 }
      },
      "17": {
        "start": { "line": 18, "column": 0 },
        "end": { "line": 18, "column": 33 }
      },
      "18": {
        "start": { "line": 19, "column": 0 },
        "end": { "line": 19, "column": 60 }
      },
      "19": {
        "start": { "line": 20, "column": 0 },
        "end": { "line": 20, "column": 54 }
      },
      "21": {
        "start": { "line": 22, "column": 0 },
        "end": { "line": 22, "column": 40 }
      },
      "22": {
        "start": { "line": 23, "column": 0 },
        "end": { "line": 23, "column": 46 }
      },
      "24": {
        "start": { "line": 25, "column": 0 },
        "end": { "line": 25, "column": 46 }
      },
      "25": {
        "start": { "line": 26, "column": 0 },
        "end": { "line": 26, "column": 63 }
      },
      "26": {
        "start": { "line": 27, "column": 0 },
        "end": { "line": 27, "column": 44 }
      },
      "28": {
        "start": { "line": 29, "column": 0 },
        "end": { "line": 29, "column": 27 }
      },
      "29": {
        "start": { "line": 30, "column": 0 },
        "end": { "line": 30, "column": 4 }
      },
      "31": {
        "start": { "line": 32, "column": 0 },
        "end": { "line": 32, "column": 10 }
      },
      "32": {
        "start": { "line": 33, "column": 0 },
        "end": { "line": 33, "column": 32 }
      },
      "33": {
        "start": { "line": 34, "column": 0 },
        "end": { "line": 34, "column": 10 }
      },
      "34": {
        "start": { "line": 35, "column": 0 },
        "end": { "line": 35, "column": 46 }
      },
      "35": {
        "start": { "line": 36, "column": 0 },
        "end": { "line": 36, "column": 11 }
      },
      "36": {
        "start": { "line": 37, "column": 0 },
        "end": { "line": 37, "column": 44 }
      },
      "37": {
        "start": { "line": 38, "column": 0 },
        "end": { "line": 38, "column": 15 }
      },
      "38": {
        "start": { "line": 39, "column": 0 },
        "end": { "line": 39, "column": 23 }
      },
      "39": {
        "start": { "line": 40, "column": 0 },
        "end": { "line": 40, "column": 53 }
      },
      "40": {
        "start": { "line": 41, "column": 0 },
        "end": { "line": 41, "column": 38 }
      },
      "41": {
        "start": { "line": 42, "column": 0 },
        "end": { "line": 42, "column": 30 }
      },
      "43": {
        "start": { "line": 44, "column": 0 },
        "end": { "line": 44, "column": 70 }
      },
      "44": {
        "start": { "line": 45, "column": 0 },
        "end": { "line": 45, "column": 17 }
      },
      "45": {
        "start": { "line": 46, "column": 0 },
        "end": { "line": 46, "column": 15 }
      },
      "46": {
        "start": { "line": 47, "column": 0 },
        "end": { "line": 47, "column": 23 }
      },
      "47": {
        "start": { "line": 48, "column": 0 },
        "end": { "line": 48, "column": 53 }
      },
      "48": {
        "start": { "line": 49, "column": 0 },
        "end": { "line": 49, "column": 47 }
      },
      "49": {
        "start": { "line": 50, "column": 0 },
        "end": { "line": 50, "column": 30 }
      },
      "51": {
        "start": { "line": 52, "column": 0 },
        "end": { "line": 52, "column": 72 }
      },
      "52": {
        "start": { "line": 53, "column": 0 },
        "end": { "line": 53, "column": 17 }
      },
      "53": {
        "start": { "line": 54, "column": 0 },
        "end": { "line": 54, "column": 12 }
      },
      "54": {
        "start": { "line": 55, "column": 0 },
        "end": { "line": 55, "column": 10 }
      },
      "56": {
        "start": { "line": 57, "column": 0 },
        "end": { "line": 57, "column": 2 }
      },
      "58": {
        "start": { "line": 59, "column": 0 },
        "end": { "line": 59, "column": 27 }
      }
    },
    "s": {
      "0": 0,
      "1": 0,
      "2": 0,
      "10": 0,
      "11": 0,
      "12": 0,
      "13": 0,
      "14": 0,
      "15": 0,
      "16": 0,
      "17": 0,
      "18": 0,
      "19": 0,
      "21": 0,
      "22": 0,
      "24": 0,
      "25": 0,
      "26": 0,
      "28": 0,
      "29": 0,
      "31": 0,
      "32": 0,
      "33": 0,
      "34": 0,
      "35": 0,
      "36": 0,
      "37": 0,
      "38": 0,
      "39": 0,
      "40": 0,
      "41": 0,
      "43": 0,
      "44": 0,
      "45": 0,
      "46": 0,
      "47": 0,
      "48": 0,
      "49": 0,
      "51": 0,
      "52": 0,
      "53": 0,
      "54": 0,
      "56": 0,
      "58": 0
    },
    "branchMap": {
      "0": {
        "type": "branch",
        "line": 1,
        "loc": {
          "start": { "line": 1, "column": 947 },
          "end": { "line": 59, "column": -561 }
        },
        "locations": [
          {
            "start": { "line": 1, "column": 947 },
            "end": { "line": 59, "column": -561 }
          }
        ]
      }
    },
    "b": { "0": [0] },
    "fnMap": {
      "0": {
        "name": "(empty-report)",
        "decl": {
          "start": { "line": 1, "column": 947 },
          "end": { "line": 59, "column": -561 }
        },
        "loc": {
          "start": { "line": 1, "column": 947 },
          "end": { "line": 59, "column": -561 }
        },
        "line": 1
      }
    },
    "f": { "0": 0 }
  },
  "D:\\000-react\\react-task-1\\src\\MainComponents\\resultMain.tsx": {
    "path": "D:\\000-react\\react-task-1\\src\\MainComponents\\resultMain.tsx",
    "all": true,
    "statementMap": {
      "1": {
        "start": { "line": 2, "column": 0 },
        "end": { "line": 2, "column": 30 }
      },
      "7": {
        "start": { "line": 8, "column": 0 },
        "end": { "line": 8, "column": 60 }
      },
      "8": {
        "start": { "line": 9, "column": 0 },
        "end": { "line": 9, "column": 29 }
      },
      "9": {
        "start": { "line": 10, "column": 0 },
        "end": { "line": 10, "column": 12 }
      },
      "10": {
        "start": { "line": 11, "column": 0 },
        "end": { "line": 11, "column": 36 }
      },
      "11": {
        "start": { "line": 12, "column": 0 },
        "end": { "line": 12, "column": 63 }
      },
      "12": {
        "start": { "line": 13, "column": 0 },
        "end": { "line": 13, "column": 12 }
      },
      "14": {
        "start": { "line": 15, "column": 0 },
        "end": { "line": 15, "column": 3 }
      },
      "16": {
        "start": { "line": 17, "column": 0 },
        "end": { "line": 17, "column": 10 }
      },
      "17": {
        "start": { "line": 18, "column": 0 },
        "end": { "line": 18, "column": 38 }
      },
      "18": {
        "start": { "line": 19, "column": 0 },
        "end": { "line": 19, "column": 39 }
      },
      "19": {
        "start": { "line": 20, "column": 0 },
        "end": { "line": 20, "column": 57 }
      },
      "20": {
        "start": { "line": 21, "column": 0 },
        "end": { "line": 21, "column": 63 }
      },
      "21": {
        "start": { "line": 22, "column": 0 },
        "end": { "line": 22, "column": 12 }
      },
      "22": {
        "start": { "line": 23, "column": 0 },
        "end": { "line": 23, "column": 32 }
      },
      "23": {
        "start": { "line": 24, "column": 0 },
        "end": { "line": 24, "column": 45 }
      },
      "24": {
        "start": { "line": 25, "column": 0 },
        "end": { "line": 25, "column": 49 }
      },
      "25": {
        "start": { "line": 26, "column": 0 },
        "end": { "line": 26, "column": 9 }
      },
      "26": {
        "start": { "line": 27, "column": 0 },
        "end": { "line": 27, "column": 10 }
      },
      "28": {
        "start": { "line": 29, "column": 0 },
        "end": { "line": 29, "column": 2 }
      },
      "30": {
        "start": { "line": 31, "column": 0 },
        "end": { "line": 31, "column": 27 }
      }
    },
    "s": {
      "1": 0,
      "7": 0,
      "8": 0,
      "9": 0,
      "10": 0,
      "11": 0,
      "12": 0,
      "14": 0,
      "16": 0,
      "17": 0,
      "18": 0,
      "19": 0,
      "20": 0,
      "21": 0,
      "22": 0,
      "23": 0,
      "24": 0,
      "25": 0,
      "26": 0,
      "28": 0,
      "30": 0
    },
    "branchMap": {
      "0": {
        "type": "branch",
        "line": 1,
        "loc": {
          "start": { "line": 1, "column": 292 },
          "end": { "line": 31, "column": -503 }
        },
        "locations": [
          {
            "start": { "line": 1, "column": 292 },
            "end": { "line": 31, "column": -503 }
          }
        ]
      }
    },
    "b": { "0": [1] },
    "fnMap": {
      "0": {
        "name": "(empty-report)",
        "decl": {
          "start": { "line": 1, "column": 292 },
          "end": { "line": 31, "column": -503 }
        },
        "loc": {
          "start": { "line": 1, "column": 292 },
          "end": { "line": 31, "column": -503 }
        },
        "line": 1
      }
    },
    "f": { "0": 1 }
  },
  "D:\\000-react\\react-task-1\\src\\topComponents\\ButtonForSearch.tsx": {
    "path": "D:\\000-react\\react-task-1\\src\\topComponents\\ButtonForSearch.tsx",
    "all": true,
    "statementMap": {
      "3": {
        "start": { "line": 4, "column": 0 },
        "end": { "line": 4, "column": 75 }
      },
      "4": {
        "start": { "line": 5, "column": 0 },
        "end": { "line": 5, "column": 10 }
      },
      "5": {
        "start": { "line": 6, "column": 0 },
        "end": { "line": 6, "column": 73 }
      },
      "7": {
        "start": { "line": 8, "column": 0 },
        "end": { "line": 8, "column": 13 }
      },
      "9": {
        "start": { "line": 10, "column": 0 },
        "end": { "line": 10, "column": 2 }
      },
      "11": {
        "start": { "line": 12, "column": 0 },
        "end": { "line": 12, "column": 31 }
      }
    },
    "s": { "3": 0, "4": 0, "5": 0, "7": 0, "9": 0, "11": 0 },
    "branchMap": {
      "0": {
        "type": "branch",
        "line": 1,
        "loc": {
          "start": { "line": 1, "column": 149 },
          "end": { "line": 12, "column": -37 }
        },
        "locations": [
          {
            "start": { "line": 1, "column": 149 },
            "end": { "line": 12, "column": -37 }
          }
        ]
      }
    },
    "b": { "0": [1] },
    "fnMap": {
      "0": {
        "name": "(empty-report)",
        "decl": {
          "start": { "line": 1, "column": 149 },
          "end": { "line": 12, "column": -37 }
        },
        "loc": {
          "start": { "line": 1, "column": 149 },
          "end": { "line": 12, "column": -37 }
        },
        "line": 1
      }
    },
    "f": { "0": 1 }
  },
  "D:\\000-react\\react-task-1\\src\\topComponents\\MyInputTop.tsx": {
    "path": "D:\\000-react\\react-task-1\\src\\topComponents\\MyInputTop.tsx",
    "all": false,
    "statementMap": {
      "1": {
        "start": { "line": 2, "column": 0 },
        "end": { "line": 2, "column": 33 }
      },
      "8": {
        "start": { "line": 9, "column": 0 },
        "end": { "line": 9, "column": 70 }
      },
      "9": {
        "start": { "line": 10, "column": 0 },
        "end": { "line": 10, "column": 47 }
      },
      "10": {
        "start": { "line": 11, "column": 0 },
        "end": { "line": 11, "column": 68 }
      },
      "11": {
        "start": { "line": 12, "column": 0 },
        "end": { "line": 12, "column": 36 }
      },
      "12": {
        "start": { "line": 13, "column": 0 },
        "end": { "line": 13, "column": 23 }
      },
      "13": {
        "start": { "line": 14, "column": 0 },
        "end": { "line": 14, "column": 23 }
      },
      "14": {
        "start": { "line": 15, "column": 0 },
        "end": { "line": 15, "column": 4 }
      },
      "16": {
        "start": { "line": 17, "column": 0 },
        "end": { "line": 17, "column": 34 }
      },
      "17": {
        "start": { "line": 18, "column": 0 },
        "end": { "line": 18, "column": 57 }
      },
      "18": {
        "start": { "line": 19, "column": 0 },
        "end": { "line": 19, "column": 3 }
      },
      "20": {
        "start": { "line": 21, "column": 0 },
        "end": { "line": 21, "column": 10 }
      },
      "21": {
        "start": { "line": 22, "column": 0 },
        "end": { "line": 22, "column": 36 }
      },
      "22": {
        "start": { "line": 23, "column": 0 },
        "end": { "line": 23, "column": 12 }
      },
      "23": {
        "start": { "line": 24, "column": 0 },
        "end": { "line": 24, "column": 19 }
      },
      "24": {
        "start": { "line": 25, "column": 0 },
        "end": { "line": 25, "column": 28 }
      },
      "25": {
        "start": { "line": 26, "column": 0 },
        "end": { "line": 26, "column": 32 }
      },
      "26": {
        "start": { "line": 27, "column": 0 },
        "end": { "line": 27, "column": 24 }
      },
      "27": {
        "start": { "line": 28, "column": 0 },
        "end": { "line": 28, "column": 31 }
      },
      "28": {
        "start": { "line": 29, "column": 0 },
        "end": { "line": 29, "column": 67 }
      },
      "29": {
        "start": { "line": 30, "column": 0 },
        "end": { "line": 30, "column": 8 }
      },
      "30": {
        "start": { "line": 31, "column": 0 },
        "end": { "line": 31, "column": 12 }
      },
      "32": {
        "start": { "line": 33, "column": 0 },
        "end": { "line": 33, "column": 2 }
      },
      "34": {
        "start": { "line": 35, "column": 0 },
        "end": { "line": 35, "column": 26 }
      }
    },
    "s": {
      "1": 1,
      "8": 1,
      "9": 10,
      "10": 10,
      "11": 0,
      "12": 0,
      "13": 0,
      "14": 0,
      "16": 10,
      "17": 8,
      "18": 8,
      "20": 1,
      "21": 1,
      "22": 1,
      "23": 1,
      "24": 1,
      "25": 1,
      "26": 1,
      "27": 1,
      "28": 1,
      "29": 1,
      "30": 1,
      "32": 1,
      "34": 1
    },
    "branchMap": {
      "0": {
        "type": "branch",
        "line": 9,
        "loc": {
          "start": { "line": 9, "column": 19 },
          "end": { "line": 33, "column": 2 }
        },
        "locations": [
          {
            "start": { "line": 9, "column": 19 },
            "end": { "line": 33, "column": 2 }
          }
        ]
      },
      "1": {
        "type": "branch",
        "line": 17,
        "loc": {
          "start": { "line": 17, "column": 33 },
          "end": { "line": 19, "column": 3 }
        },
        "locations": [
          {
            "start": { "line": 17, "column": 33 },
            "end": { "line": 19, "column": 3 }
          }
        ]
      },
      "2": {
        "type": "branch",
        "line": 19,
        "loc": {
          "start": { "line": 19, "column": 2 },
          "end": { "line": 33, "column": 2 }
        },
        "locations": [
          {
            "start": { "line": 19, "column": 2 },
            "end": { "line": 33, "column": 2 }
          }
        ]
      }
    },
    "b": { "0": [10], "1": [8], "2": [1] },
    "fnMap": {
      "0": {
        "name": "MyInputTop",
        "decl": {
          "start": { "line": 9, "column": 19 },
          "end": { "line": 33, "column": 2 }
        },
        "loc": {
          "start": { "line": 9, "column": 19 },
          "end": { "line": 33, "column": 2 }
        },
        "line": 9
      },
      "1": {
        "name": "handleChange",
        "decl": {
          "start": { "line": 11, "column": 23 },
          "end": { "line": 15, "column": 4 }
        },
        "loc": {
          "start": { "line": 11, "column": 23 },
          "end": { "line": 15, "column": 4 }
        },
        "line": 11
      }
    },
    "f": { "0": 10, "1": 0 }
  },
  "D:\\000-react\\react-task-1\\src\\topComponents\\TopSection.tsx": {
    "path": "D:\\000-react\\react-task-1\\src\\topComponents\\TopSection.tsx",
    "all": true,
    "statementMap": {
      "0": {
        "start": { "line": 1, "column": 0 },
        "end": { "line": 1, "column": 36 }
      },
      "1": {
        "start": { "line": 2, "column": 0 },
        "end": { "line": 2, "column": 48 }
      },
      "2": {
        "start": { "line": 3, "column": 0 },
        "end": { "line": 3, "column": 27 }
      },
      "3": {
        "start": { "line": 4, "column": 0 },
        "end": { "line": 4, "column": 72 }
      },
      "12": {
        "start": { "line": 13, "column": 0 },
        "end": { "line": 13, "column": 21 }
      },
      "13": {
        "start": { "line": 14, "column": 0 },
        "end": { "line": 14, "column": 16 }
      },
      "14": {
        "start": { "line": 15, "column": 0 },
        "end": { "line": 15, "column": 16 }
      },
      "15": {
        "start": { "line": 16, "column": 0 },
        "end": { "line": 16, "column": 14 }
      },
      "16": {
        "start": { "line": 17, "column": 0 },
        "end": { "line": 17, "column": 35 }
      },
      "17": {
        "start": { "line": 18, "column": 0 },
        "end": { "line": 18, "column": 10 }
      },
      "18": {
        "start": { "line": 19, "column": 0 },
        "end": { "line": 19, "column": 33 }
      },
      "19": {
        "start": { "line": 20, "column": 0 },
        "end": { "line": 20, "column": 34 }
      },
      "20": {
        "start": { "line": 21, "column": 0 },
        "end": { "line": 21, "column": 36 }
      },
      "21": {
        "start": { "line": 22, "column": 0 },
        "end": { "line": 22, "column": 10 }
      },
      "22": {
        "start": { "line": 23, "column": 0 },
        "end": { "line": 23, "column": 60 }
      },
      "23": {
        "start": { "line": 24, "column": 0 },
        "end": { "line": 24, "column": 25 }
      },
      "24": {
        "start": { "line": 25, "column": 0 },
        "end": { "line": 25, "column": 24 }
      },
      "26": {
        "start": { "line": 27, "column": 0 },
        "end": { "line": 27, "column": 14 }
      },
      "27": {
        "start": { "line": 28, "column": 0 },
        "end": { "line": 28, "column": 29 }
      },
      "28": {
        "start": { "line": 29, "column": 0 },
        "end": { "line": 29, "column": 42 }
      },
      "29": {
        "start": { "line": 30, "column": 0 },
        "end": { "line": 30, "column": 36 }
      },
      "30": {
        "start": { "line": 31, "column": 0 },
        "end": { "line": 31, "column": 12 }
      },
      "31": {
        "start": { "line": 32, "column": 0 },
        "end": { "line": 32, "column": 12 }
      },
      "32": {
        "start": { "line": 33, "column": 0 },
        "end": { "line": 33, "column": 12 }
      },
      "33": {
        "start": { "line": 34, "column": 0 },
        "end": { "line": 34, "column": 68 }
      },
      "34": {
        "start": { "line": 35, "column": 0 },
        "end": { "line": 35, "column": 55 }
      },
      "35": {
        "start": { "line": 36, "column": 0 },
        "end": { "line": 36, "column": 10 }
      },
      "37": {
        "start": { "line": 38, "column": 0 },
        "end": { "line": 38, "column": 2 }
      },
      "39": {
        "start": { "line": 40, "column": 0 },
        "end": { "line": 40, "column": 26 }
      }
    },
    "s": {
      "0": 0,
      "1": 0,
      "2": 0,
      "3": 0,
      "12": 0,
      "13": 0,
      "14": 0,
      "15": 0,
      "16": 0,
      "17": 0,
      "18": 0,
      "19": 0,
      "20": 0,
      "21": 0,
      "22": 0,
      "23": 0,
      "24": 0,
      "26": 0,
      "27": 0,
      "28": 0,
      "29": 0,
      "30": 0,
      "31": 0,
      "32": 0,
      "33": 0,
      "34": 0,
      "35": 0,
      "37": 0,
      "39": 0
    },
    "branchMap": {
      "0": {
        "type": "branch",
        "line": 1,
        "loc": {
          "start": { "line": 1, "column": 543 },
          "end": { "line": 40, "column": -470 }
        },
        "locations": [
          {
            "start": { "line": 1, "column": 543 },
            "end": { "line": 40, "column": -470 }
          }
        ]
      }
    },
    "b": { "0": [0] },
    "fnMap": {
      "0": {
        "name": "(empty-report)",
        "decl": {
          "start": { "line": 1, "column": 543 },
          "end": { "line": 40, "column": -470 }
        },
        "loc": {
          "start": { "line": 1, "column": 543 },
          "end": { "line": 40, "column": -470 }
        },
        "line": 1
      }
    },
    "f": { "0": 0 }
  }
}
